This is XeTeX, Version 3.141592653-2.6-0.999997 (TeX Live 2025) (preloaded format=xelatex)
 restricted \write18 enabled.
entering extended mode
(./control_migration_manual_zh.tex
LaTeX2e <2025-11-01>
L3 programming layer <2026-01-19>
(c:/texlive/2025/texmf-dist/tex/latex/base/book.cls
Document Class: book 2025/01/22 v1.4n Standard LaTeX document class
(c:/texlive/2025/texmf-dist/tex/latex/base/bk11.clo)) (./zlc_frontend_notes.sty
(c:/texlive/2025/texmf-dist/tex/generic/iftex/iftex.sty)
(c:/texlive/2025/texmf-dist/tex/latex/geometry/geometry.sty
(c:/texlive/2025/texmf-dist/tex/latex/graphics/keyval.sty)
(c:/texlive/2025/texmf-dist/tex/generic/iftex/ifvtex.sty))
(c:/texlive/2025/texmf-dist/tex/latex/fontspec/fontspec.sty
(c:/texlive/2025/texmf-dist/tex/latex/l3packages/xparse/xparse.sty
(c:/texlive/2025/texmf-dist/tex/latex/l3kernel/expl3.sty
(c:/texlive/2025/texmf-dist/tex/latex/l3backend/l3backend-xetex.def)))
(c:/texlive/2025/texmf-dist/tex/latex/fontspec/fontspec-xetex.sty
(c:/texlive/2025/texmf-dist/tex/latex/base/fontenc.sty)
(c:/texlive/2025/texmf-dist/tex/latex/fontspec/fontspec.cfg)))
(c:/texlive/2025/texmf-dist/tex/xelatex/xecjk/xeCJK.sty
(c:/texlive/2025/texmf-dist/tex/latex/ctex/ctexhook.sty)
(c:/texlive/2025/texmf-dist/tex/latex/l3packages/xtemplate/xtemplate.sty)
(c:/texlive/2025/texmf-dist/tex/xelatex/xecjk/xeCJK.cfg))
(c:/texlive/2025/texmf-dist/tex/latex/microtype/microtype.sty
(c:/texlive/2025/texmf-dist/tex/latex/etoolbox/etoolbox.sty)
(c:/texlive/2025/texmf-dist/tex/latex/microtype/microtype-xetex.def)
(c:/texlive/2025/texmf-dist/tex/latex/microtype/microtype.cfg))
(c:/texlive/2025/texmf-dist/tex/latex/amsmath/amsmath.sty
For additional information on amsmath, use the `?' option.
(c:/texlive/2025/texmf-dist/tex/latex/amsmath/amstext.sty
(c:/texlive/2025/texmf-dist/tex/latex/amsmath/amsgen.sty))
(c:/texlive/2025/texmf-dist/tex/latex/amsmath/amsbsy.sty)
(c:/texlive/2025/texmf-dist/tex/latex/amsmath/amsopn.sty))
(c:/texlive/2025/texmf-dist/tex/latex/amsfonts/amssymb.sty
(c:/texlive/2025/texmf-dist/tex/latex/amsfonts/amsfonts.sty))
(c:/texlive/2025/texmf-dist/tex/latex/mathtools/mathtools.sty
(c:/texlive/2025/texmf-dist/tex/latex/tools/calc.sty)
(c:/texlive/2025/texmf-dist/tex/latex/mathtools/mhsetup.sty))
(c:/texlive/2025/texmf-dist/tex/latex/tools/bm.sty)
(c:/texlive/2025/texmf-dist/tex/latex/graphics/graphicx.sty
(c:/texlive/2025/texmf-dist/tex/latex/graphics/graphics.sty
(c:/texlive/2025/texmf-dist/tex/latex/graphics/trig.sty)
(c:/texlive/2025/texmf-dist/tex/latex/graphics-cfg/graphics.cfg)
(c:/texlive/2025/texmf-dist/tex/latex/graphics-def/xetex.def)))
(c:/texlive/2025/texmf-dist/tex/latex/xcolor/xcolor.sty
(c:/texlive/2025/texmf-dist/tex/latex/graphics-cfg/color.cfg)
(c:/texlive/2025/texmf-dist/tex/latex/graphics/mathcolor.ltx))
(c:/texlive/2025/texmf-dist/tex/latex/titlesec/titlesec.sty)
(c:/texlive/2025/texmf-dist/tex/latex/titlesec/titletoc.sty)
(c:/texlive/2025/texmf-dist/tex/latex/fancyhdr/fancyhdr.sty)
(c:/texlive/2025/texmf-dist/tex/latex/marginnote/marginnote.sty)
(c:/texlive/2025/texmf-dist/tex/latex/marginfix/marginfix.sty)
==> First Aid for marginfix.sty applied!
(c:/texlive/2025/texmf-dist/tex/latex/ragged2e/ragged2e.sty)
(c:/texlive/2025/texmf-dist/tex/latex/needspace/needspace.sty)
(c:/texlive/2025/texmf-dist/tex/latex/booktabs/booktabs.sty)
(c:/texlive/2025/texmf-dist/tex/latex/tools/array.sty)
(c:/texlive/2025/texmf-dist/tex/latex/tools/tabularx.sty)
(c:/texlive/2025/texmf-dist/tex/latex/enumitem/enumitem.sty)
(c:/texlive/2025/texmf-dist/tex/latex/fvextra/fvextra.sty
(c:/texlive/2025/texmf-dist/tex/latex/fancyvrb/fancyvrb.sty)
(c:/texlive/2025/texmf-dist/tex/generic/pdftexcmds/pdftexcmds.sty
(c:/texlive/2025/texmf-dist/tex/generic/infwarerr/infwarerr.sty)
(c:/texlive/2025/texmf-dist/tex/generic/ltxcmds/ltxcmds.sty))
(c:/texlive/2025/texmf-dist/tex/latex/upquote/upquote.sty
(c:/texlive/2025/texmf-dist/tex/latex/base/textcomp.sty))
(c:/texlive/2025/texmf-dist/tex/latex/lineno/lineno.sty
(c:/texlive/2025/texmf-dist/tex/latex/kvoptions/kvoptions.sty
(c:/texlive/2025/texmf-dist/tex/latex/kvsetkeys/kvsetkeys.sty))))
(c:/texlive/2025/texmf-dist/tex/latex/tcolorbox/tcolorbox.sty
(c:/texlive/2025/texmf-dist/tex/latex/pgf/frontendlayer/tikz.sty
(c:/texlive/2025/texmf-dist/tex/latex/pgf/basiclayer/pgf.sty
(c:/texlive/2025/texmf-dist/tex/latex/pgf/utilities/pgfrcs.sty
(c:/texlive/2025/texmf-dist/tex/generic/pgf/utilities/pgfutil-common.tex)
(c:/texlive/2025/texmf-dist/tex/generic/pgf/utilities/pgfutil-latex.def)
(c:/texlive/2025/texmf-dist/tex/generic/pgf/utilities/pgfrcs.code.tex
(c:/texlive/2025/texmf-dist/tex/generic/pgf/pgf.revision.tex)))
(c:/texlive/2025/texmf-dist/tex/latex/pgf/basiclayer/pgfcore.sty
(c:/texlive/2025/texmf-dist/tex/latex/pgf/systemlayer/pgfsys.sty
(c:/texlive/2025/texmf-dist/tex/generic/pgf/systemlayer/pgfsys.code.tex
(c:/texlive/2025/texmf-dist/tex/generic/pgf/utilities/pgfkeys.code.tex
(c:/texlive/2025/texmf-dist/tex/generic/pgf/utilities/pgfkeyslibraryfiltered.co
de.tex)) (c:/texlive/2025/texmf-dist/tex/generic/pgf/systemlayer/pgf.cfg)
(c:/texlive/2025/texmf-dist/tex/generic/pgf/systemlayer/pgfsys-xetex.def
(c:/texlive/2025/texmf-dist/tex/generic/pgf/systemlayer/pgfsys-dvipdfmx.def
(c:/texlive/2025/texmf-dist/tex/generic/pgf/systemlayer/pgfsys-common-pdf.def))
))
(c:/texlive/2025/texmf-dist/tex/generic/pgf/systemlayer/pgfsyssoftpath.code.tex
)
(c:/texlive/2025/texmf-dist/tex/generic/pgf/systemlayer/pgfsysprotocol.code.tex
)) (c:/texlive/2025/texmf-dist/tex/generic/pgf/basiclayer/pgfcore.code.tex
(c:/texlive/2025/texmf-dist/tex/generic/pgf/math/pgfmath.code.tex
(c:/texlive/2025/texmf-dist/tex/generic/pgf/math/pgfmathutil.code.tex)
(c:/texlive/2025/texmf-dist/tex/generic/pgf/math/pgfmathparser.code.tex)
(c:/texlive/2025/texmf-dist/tex/generic/pgf/math/pgfmathfunctions.code.tex)
(c:/texlive/2025/texmf-dist/tex/generic/pgf/math/pgfmathfunctions.basic.code.te
x)
(c:/texlive/2025/texmf-dist/tex/generic/pgf/math/pgfmathfunctions.trigonometric
.code.tex)
(c:/texlive/2025/texmf-dist/tex/generic/pgf/math/pgfmathfunctions.random.code.t
ex)
(c:/texlive/2025/texmf-dist/tex/generic/pgf/math/pgfmathfunctions.comparison.co
de.tex)
(c:/texlive/2025/texmf-dist/tex/generic/pgf/math/pgfmathfunctions.base.code.tex
)
(c:/texlive/2025/texmf-dist/tex/generic/pgf/math/pgfmathfunctions.round.code.te
x)
(c:/texlive/2025/texmf-dist/tex/generic/pgf/math/pgfmathfunctions.misc.code.tex
)
(c:/texlive/2025/texmf-dist/tex/generic/pgf/math/pgfmathfunctions.integerarithm
etics.code.tex)
(c:/texlive/2025/texmf-dist/tex/generic/pgf/math/pgfmathcalc.code.tex)
(c:/texlive/2025/texmf-dist/tex/generic/pgf/math/pgfmathfloat.code.tex))
(c:/texlive/2025/texmf-dist/tex/generic/pgf/math/pgfint.code.tex)
(c:/texlive/2025/texmf-dist/tex/generic/pgf/basiclayer/pgfcorepoints.code.tex)
(c:/texlive/2025/texmf-dist/tex/generic/pgf/basiclayer/pgfcorepathconstruct.cod
e.tex)
(c:/texlive/2025/texmf-dist/tex/generic/pgf/basiclayer/pgfcorepathusage.code.te
x)
(c:/texlive/2025/texmf-dist/tex/generic/pgf/basiclayer/pgfcorescopes.code.tex)
(c:/texlive/2025/texmf-dist/tex/generic/pgf/basiclayer/pgfcoregraphicstate.code
.tex)
(c:/texlive/2025/texmf-dist/tex/generic/pgf/basiclayer/pgfcoretransformations.c
ode.tex)
(c:/texlive/2025/texmf-dist/tex/generic/pgf/basiclayer/pgfcorequick.code.tex)
(c:/texlive/2025/texmf-dist/tex/generic/pgf/basiclayer/pgfcoreobjects.code.tex)

(c:/texlive/2025/texmf-dist/tex/generic/pgf/basiclayer/pgfcorepathprocessing.co
de.tex)
(c:/texlive/2025/texmf-dist/tex/generic/pgf/basiclayer/pgfcorearrows.code.tex)
(c:/texlive/2025/texmf-dist/tex/generic/pgf/basiclayer/pgfcoreshade.code.tex)
(c:/texlive/2025/texmf-dist/tex/generic/pgf/basiclayer/pgfcoreimage.code.tex)
(c:/texlive/2025/texmf-dist/tex/generic/pgf/basiclayer/pgfcoreexternal.code.tex
) (c:/texlive/2025/texmf-dist/tex/generic/pgf/basiclayer/pgfcorelayers.code.tex
)
(c:/texlive/2025/texmf-dist/tex/generic/pgf/basiclayer/pgfcoretransparency.code
.tex)
(c:/texlive/2025/texmf-dist/tex/generic/pgf/basiclayer/pgfcorepatterns.code.tex
) (c:/texlive/2025/texmf-dist/tex/generic/pgf/basiclayer/pgfcorerdf.code.tex)))
 (c:/texlive/2025/texmf-dist/tex/generic/pgf/modules/pgfmoduleshapes.code.tex)
(c:/texlive/2025/texmf-dist/tex/generic/pgf/modules/pgfmoduleplot.code.tex)
(c:/texlive/2025/texmf-dist/tex/latex/pgf/compatibility/pgfcomp-version-0-65.st
y)
(c:/texlive/2025/texmf-dist/tex/latex/pgf/compatibility/pgfcomp-version-1-18.st
y)) (c:/texlive/2025/texmf-dist/tex/latex/pgf/utilities/pgffor.sty
(c:/texlive/2025/texmf-dist/tex/latex/pgf/utilities/pgfkeys.sty
(c:/texlive/2025/texmf-dist/tex/generic/pgf/utilities/pgfkeys.code.tex))
(c:/texlive/2025/texmf-dist/tex/latex/pgf/math/pgfmath.sty
(c:/texlive/2025/texmf-dist/tex/generic/pgf/math/pgfmath.code.tex))
(c:/texlive/2025/texmf-dist/tex/generic/pgf/utilities/pgffor.code.tex))
(c:/texlive/2025/texmf-dist/tex/generic/pgf/frontendlayer/tikz/tikz.code.tex
(c:/texlive/2025/texmf-dist/tex/generic/pgf/libraries/pgflibraryplothandlers.co
de.tex)
(c:/texlive/2025/texmf-dist/tex/generic/pgf/modules/pgfmodulematrix.code.tex)
(c:/texlive/2025/texmf-dist/tex/generic/pgf/frontendlayer/tikz/libraries/tikzli
brarytopaths.code.tex)))
(c:/texlive/2025/texmf-dist/tex/latex/tools/verbatim.sty)
(c:/texlive/2025/texmf-dist/tex/latex/environ/environ.sty
(c:/texlive/2025/texmf-dist/tex/latex/trimspaces/trimspaces.sty))
(c:/texlive/2025/texmf-dist/tex/latex/tcolorbox/tcbraster.code.tex
Library (tcolorbox): 'tcbraster.code.tex' version '6.9.0'
) (c:/texlive/2025/texmf-dist/tex/latex/tcolorbox/tcbskins.code.tex
Library (tcolorbox): 'tcbskins.code.tex' version '6.9.0'
(c:/texlive/2025/texmf-dist/tex/latex/tikzfill/tikzfill.image.sty
(c:/texlive/2025/texmf-dist/tex/latex/tikzfill/tikzfill-common.sty)
(c:/texlive/2025/texmf-dist/tex/latex/tikzfill/tikzlibraryfill.image.code.tex))
 (c:/texlive/2025/texmf-dist/tex/latex/tcolorbox/tcbskinsjigsaw.code.tex
Library (tcolorbox): 'tcbskinsjigsaw.code.tex' version '6.9.0'
)) (c:/texlive/2025/texmf-dist/tex/latex/tcolorbox/tcbbreakable.code.tex
Library (tcolorbox): 'tcbbreakable.code.tex' version '6.9.0'
(c:/texlive/2025/texmf-dist/tex/latex/pdfcol/pdfcol.sty))
(c:/texlive/2025/texmf-dist/tex/latex/tcolorbox/tcbhooks.code.tex
Library (tcolorbox): 'tcbhooks.code.tex' version '6.9.0'
) (c:/texlive/2025/texmf-dist/tex/latex/tcolorbox/tcbtheorems.code.tex
Library (tcolorbox): 'tcbtheorems.code.tex' version '6.9.0'
) (c:/texlive/2025/texmf-dist/tex/latex/tcolorbox/tcbfitting.code.tex
Library (tcolorbox): 'tcbfitting.code.tex' version '6.9.0'
) (c:/texlive/2025/texmf-dist/tex/latex/tcolorbox/tcblistingsutf8.code.tex
Library (tcolorbox): 'tcblistingsutf8.code.tex' version '6.9.0'
(c:/texlive/2025/texmf-dist/tex/latex/tcolorbox/tcblistings.code.tex
Library (tcolorbox): 'tcblistings.code.tex' version '6.9.0'
(c:/texlive/2025/texmf-dist/tex/latex/listings/listings.sty
(c:/texlive/2025/texmf-dist/tex/latex/listings/lstpatch.sty)
(c:/texlive/2025/texmf-dist/tex/latex/listings/lstmisc.sty)
(c:/texlive/2025/texmf-dist/tex/latex/listings/listings.cfg))
(c:/texlive/2025/texmf-dist/tex/xelatex/xecjk/xeCJK-listings.sty)
==> First Aid for listings.sty no longer applied!
    Expected:
        2024/09/23 1.10c (Carsten Heinz)
    but found:
        2025/11/14 1.11b (Carsten Heinz)
    so I'm assuming it got fixed.
(c:/texlive/2025/texmf-dist/tex/latex/tcolorbox/tcblistingscore.code.tex
Library (tcolorbox): 'tcblistingscore.code.tex' version '6.9.0'
(c:/texlive/2025/texmf-dist/tex/latex/tcolorbox/tcbprocessing.code.tex
Library (tcolorbox): 'tcbprocessing.code.tex' version '6.9.0'
)))) (c:/texlive/2025/texmf-dist/tex/latex/tcolorbox/tcbexternal.code.tex
Library (tcolorbox): 'tcbexternal.code.tex' version '6.9.0'
) (c:/texlive/2025/texmf-dist/tex/latex/tcolorbox/tcbmagazine.code.tex
Library (tcolorbox): 'tcbmagazine.code.tex' version '6.9.0'
) (c:/texlive/2025/texmf-dist/tex/latex/tcolorbox/tcbvignette.code.tex
Library (tcolorbox): 'tcbvignette.code.tex' version '6.9.0'

(c:/texlive/2025/texmf-dist/tex/generic/pgf/frontendlayer/tikz/libraries/tikzli
braryfadings.code.tex
(c:/texlive/2025/texmf-dist/tex/generic/pgf/libraries/pgflibraryfadings.code.te
x))) (c:/texlive/2025/texmf-dist/tex/latex/tcolorbox/tcbposter.code.tex
Library (tcolorbox): 'tcbposter.code.tex' version '6.9.0'
)) (c:/texlive/2025/texmf-dist/tex/latex/hyperref/hyperref.sty
(c:/texlive/2025/texmf-dist/tex/generic/kvdefinekeys/kvdefinekeys.sty)
(c:/texlive/2025/texmf-dist/tex/generic/pdfescape/pdfescape.sty)
(c:/texlive/2025/texmf-dist/tex/latex/hycolor/hycolor.sty)
(c:/texlive/2025/texmf-dist/tex/latex/hyperref/nameref.sty
(c:/texlive/2025/texmf-dist/tex/latex/refcount/refcount.sty)
(c:/texlive/2025/texmf-dist/tex/generic/gettitlestring/gettitlestring.sty))
(c:/texlive/2025/texmf-dist/tex/generic/stringenc/stringenc.sty)
(c:/texlive/2025/texmf-dist/tex/latex/hyperref/pd1enc.def)
(c:/texlive/2025/texmf-dist/tex/generic/intcalc/intcalc.sty)
(c:/texlive/2025/texmf-dist/tex/latex/hyperref/puenc.def)
(c:/texlive/2025/texmf-dist/tex/latex/url/url.sty)
(c:/texlive/2025/texmf-dist/tex/generic/bitset/bitset.sty
(c:/texlive/2025/texmf-dist/tex/generic/bigintcalc/bigintcalc.sty)))
(c:/texlive/2025/texmf-dist/tex/latex/hyperref/hxetex.def
(c:/texlive/2025/texmf-dist/tex/latex/rerunfilecheck/rerunfilecheck.sty
(c:/texlive/2025/texmf-dist/tex/generic/uniquecounter/uniquecounter.sty)))
(c:/texlive/2025/texmf-dist/tex/latex/jetbrainsmono-otf/jetbrainsmono.fontspec)
(c:/texlive/2025/texmf-dist/tex/latex/jetbrainsmono-otf/jetbrainsmono.fontspec)
(c:/texlive/2025/texmf-dist/tex/latex/jetbrainsmono-otf/jetbrainsmono.fontspec)
)
No file control_migration_manual_zh.aux.
*geometry* driver: auto-detecting
*geometry* detected driver: xetex

Package microtype Warning: Unable to apply patch `footnote' on input line 4.

(c:/texlive/2025/texmf-dist/tex/latex/microtype/mt-Palatino.cfg)

Package hyperref Warning: Rerun to get /PageLabels entry.

[1]
No file control_migration_manual_zh.toc.
[1]
Chapter 1.

Overfull \hbox (103.10355pt too wide) in paragraph at lines 24--25
[]\TU/MicrosoftYaHei(0)/m/n/10.95 图 像 判 别 变 成 []\TU/JetBrainsMono(0)/m/n/10.95 
TrapCalibration[]\TU/MicrosoftYaHei(0)/m/n/10.95 、| []\TU/JetBrainsMono(0)/m/n/
10.95 roi_counts[]\TU/MicrosoftYaHei(0)/m/n/10.95 、| []\TU/JetBrainsMono(0)/m/n
/10.95 detect_atoms[]\TU/MicrosoftYaHei(0)/m/n/10.95 ，|  旧 的 []\TU/JetBrainsMon
o(0)/m/n/10.95 center.npy/threshold.npy/freq.npy[]

Overfull \hbox (24.62614pt too wide) in paragraph at lines 25--26
[]\TU/MicrosoftYaHei(0)/m/n/10.95 实 验 调 度 变 成 []\TU/JetBrainsMono(0)/m/n/10.95 
ShotExperiment[]\TU/MicrosoftYaHei(0)/m/n/10.95 、| []\TU/JetBrainsMono(0)/m/n/1
0.95 ImageStackExperiment[]\TU/MicrosoftYaHei(0)/m/n/10.95 、| []\TU/JetBrainsMo
no(0)/m/n/10.95 LoadingHistogramExperiment[]\TU/MicrosoftYaHei(0)/m/n/10.95 、|
[1] [2]
Chapter 2.
[3] [4] [5]
Chapter 3.

Overfull \hbox (21.6537pt too wide) in paragraph at lines 79--81
[]\TU/JetBrainsMono(0)/m/n/10.95 qCMOS.py[] \TU/MicrosoftYaHei(0)/m/n/10.95 里 的
 []\TU/JetBrainsMono(0)/m/n/10.95 capture_with_interactive_ui(save_dir, num_fra
mes, exposure_time,

Overfull \hbox (50.27896pt too wide) in paragraph at lines 89--90
[]\TU/MicrosoftYaHei(0)/m/n/10.95 循 环 []\TU/JetBrainsMono(0)/m/n/10.95 wait_cap
event_frameready(timeout)[]\TU/MicrosoftYaHei(0)/m/n/10.95 ；|  成 功 后 读 取 []\TU/
JetBrainsMono(0)/m/n/10.95 cap_transferinfo().nFrameCount[]\TU/MicrosoftYaHei(0
)/m/n/10.95 ，|
[6]
Overfull \hbox (24.76611pt too wide) in paragraph at lines 137--138
[]\TU/JetBrainsMono(0)/m/n/10.95 validate_qcmos_timeout_budget[]\TU/MicrosoftYa
Hei(0)/m/n/10.95 、| []\TU/JetBrainsMono(0)/m/n/10.95 HamamatsuQCMOSCamera.acqui
re[] \TU/MicrosoftYaHei(0)/m/n/10.95 和 []\TU/JetBrainsMono(0)/m/n/10.95 last_ac
quisition[]
[7] [8]
Chapter 4.
[9]
Overfull \hbox (43.81604pt too wide) in paragraph at lines 166--167
[]\TU/MicrosoftYaHei(0)/m/n/10.95 重 构 后 的 []\TU/JetBrainsMono(0)/m/n/10.95 sort
_centers_grid[]\TU/MicrosoftYaHei(0)/m/n/10.95 、| []\TU/JetBrainsMono(0)/m/n/10
.95 find_trap_centers[] \TU/MicrosoftYaHei(0)/m/n/10.95 和 []\TU/JetBrainsMono(0
)/m/n/10.95 TrapCalibration.from_legacy_files[]
[10]
Chapter 5.
(c:/texlive/2025/texmf-dist/tex/latex/amsfonts/umsa.fd)
(c:/texlive/2025/texmf-dist/tex/latex/microtype/mt-msa.cfg)
(c:/texlive/2025/texmf-dist/tex/latex/amsfonts/umsb.fd)
(c:/texlive/2025/texmf-dist/tex/latex/microtype/mt-msb.cfg)
(c:/texlive/2025/texmf-dist/tex/latex/microtype/mt-cmr.cfg) [11] [12] [13]
Chapter 6.

Overfull \hbox (30.32611pt too wide) in paragraph at lines 225--226
[]\TU/JetBrainsMono(0)/m/n/10.95 pxie_control.py[] \TU/MicrosoftYaHei(0)/m/n/10
.95 通 过 []\TU/JetBrainsMono(0)/m/n/10.95 ctypes.cdll.LoadLibrary(”C:\\Windows\\
SysWOW64\\pxie.dll”)[]
[14]
Overfull \hbox (112.43257pt too wide) in paragraph at lines 254--255
[][]\TU/JetBrainsMono(0)/m/n/10.95 AODMoveParams[] \TU/MicrosoftYaHei(0)/m/n/10
.95 保 存 []\TU/JetBrainsMono(0)/m/n/10.95 accel/accel_time_ticks/ramp_step/ramp_
time_ticks/amp_max/tick_seconds[]\TU/MicrosoftYaHei(0)/m/n/10.95 。| 
[15]
Chapter 7.
[16]
Overfull \hbox (44.98207pt too wide) in paragraph at lines 297--298
[]\TU/JetBrainsMono(0)/m/n/10.95 debug[] \TU/MicrosoftYaHei(0)/m/n/10.95 为 真 时，
| []\TU/JetBrainsMono(0)/m/n/10.95 time_sequence.v[] \TU/MicrosoftYaHei(0)/m/n/
10.95 走 手 动 开 关 分 支：| []\TU/JetBrainsMono(0)/m/n/10.95 cooling_on/probe_on/addr
ess_on/trap_on/...[]
[17]
Underfull \hbox (badness 1888) in paragraph at lines 309--310
\TU/MicrosoftYaHei(0)/m/n/10.95 量，|  例 如 []\TU/JetBrainsMono(0)/m/n/10.95 ADDRE
SS_SWITCH_PIN_MAP[] \TU/MicrosoftYaHei(0)/m/n/10.95 和 []\TU/JetBrainsMono(0)/m/
n/10.95 ADDRESS_SWITCH_CONTROL_PIN_MAP[]\TU/MicrosoftYaHei(0)/m/n/10.95 ，|  并 提
 供
[18]
Chapter 8.

Underfull \hbox (badness 10000) in paragraph at lines 327--327
[]|\TU/MicrosoftYaHei(0)/b/n/10.95 当 前 目 录 决 定

Overfull \hbox (79.39943pt too wide) in paragraph at lines 327--327
[]\TU/JetBrainsMono(0)/b/n/10.95 center.npy/threshold.npy/freq.npy[]| 

Underfull \hbox (badness 10000) in paragraph at lines 327--327
[]|\TU/TeXGyrePagella(0)/b/n/10.95 PXIE path\TU/MicrosoftYaHei(0)/b/n/10.95 、| 
\TU/TeXGyrePagella(0)/b/n/10.95 frequency

Overfull \hbox (17.10667pt too wide) in paragraph at lines 327--328
[][] 
[19] [20]
Chapter 9.
[21] [22]
Chapter 10.
[23] [24]
Chapter 11.

Overfull \hbox (131.12944pt too wide) in paragraph at lines 422--423
\TU/MicrosoftYaHei(0)/m/n/10.95 义：| \TU/TeXGyrePagella(0)/m/n/10.95 channel \TU
/MicrosoftYaHei(0)/m/n/10.95 名、| \TU/TeXGyrePagella(0)/m/n/10.95 start \TU/Micr
osoftYaHei(0)/m/n/10.95 秒、| \TU/TeXGyrePagella(0)/m/n/10.95 duration \TU/Micros
oftYaHei(0)/m/n/10.95 秒、| \TU/TeXGyrePagella(0)/m/n/10.95 value\TU/MicrosoftYaH
ei(0)/m/n/10.95 、| \TU/TeXGyrePagella(0)/m/n/10.95 channel delay\TU/MicrosoftYa
Hei(0)/m/n/10.95 。|  只 有 在 []\TU/JetBrainsMono(0)/m/n/10.95 validate/compile_ed
ges/generate_sequence_verilog[]
[25] [26]
Chapter 12.
[27]
Chapter 13.

Overfull \hbox (19.22304pt too wide) in paragraph at lines 468--469
[]\TU/JetBrainsMono(0)/m/n/10.95 FrequencyMap[] \TU/MicrosoftYaHei(0)/m/n/10.95
 接 管 旧 []\TU/JetBrainsMono(0)/m/n/10.95 freq.npy[] \TU/MicrosoftYaHei(0)/m/n/10
.95 的 语 义。|  它 可 以 从 \TU/TeXGyrePagella(0)/m/n/10.95 legacy file \TU/MicrosoftY
aHei(0)/m/n/10.95 载 入，|  并 显 式 指 定 []\TU/JetBrainsMono(0)/m/n/10.95 layout=”fre
q_list”[]\TU/MicrosoftYaHei(0)/m/n/10.95 、|
[28]
Chapter 14.
[29] [30]
Chapter 15.
[31]
Chapter 16.

Overfull \hbox (26.42415pt too wide) in paragraph at lines 538--539
\TU/MicrosoftYaHei(0)/m/n/10.95 旧 写 法 中 []\TU/JetBrainsMono(0)/m/n/10.95 frames
_per_group[] \TU/MicrosoftYaHei(0)/m/n/10.95 的 平 均 逻 辑 在 \TU/TeXGyrePagella(0)/
m/n/10.95 qCMOS capture \TU/MicrosoftYaHei(0)/m/n/10.95 函 数 里。|  新 写 法 中 []\TU/
JetBrainsMono(0)/m/n/10.95 ImageStackExperiment[]
[32]
Overfull \hbox (5.9108pt too wide) in paragraph at lines 570--571
[]\TU/MicrosoftYaHei(0)/m/n/10.95 如 果 要 迁 移 旧 \TU/TeXGyrePagella(0)/m/n/10.95 t
ick \TU/MicrosoftYaHei(0)/m/n/10.95 参 数，|  用 []\TU/JetBrainsMono(0)/m/n/10.95 A
ddressSwitchTiming.from_legacy_ticks(clock_hz=...)[]\TU/MicrosoftYaHei(0)/m/n/1
0.95 ，|
[33]
Chapter 17.

Underfull \hbox (badness 1478) in paragraph at lines 575--576
[]\TU/MicrosoftYaHei(0)/m/n/10.95 看 []\TU/JetBrainsMono(0)/m/n/10.95 inspect_de
vice_config[]\TU/MicrosoftYaHei(0)/m/n/10.95 、| \TU/TeXGyrePagella(0)/m/n/10.95
 device class\TU/MicrosoftYaHei(0)/m/n/10.95 、|  参 数 名、| \TU/TeXGyrePagella(0)/
m/n/10.95 path-like \TU/MicrosoftYaHei(0)/m/n/10.95 参 数 和
[34]
Chapter 18.
[35] (./control_migration_manual_zh.aux)

Package rerunfilecheck Warning: File `control_migration_manual_zh.out' has chan
ged.
(rerunfilecheck)                Rerun to get outlines right
(rerunfilecheck)                or use package `bookmark'.

 )
(see the transcript file for additional information)
Output written on control_migration_manual_zh.pdf (37 pages).
Transcript written on control_migration_manual_zh.log.

This is XeTeX, Version 3.141592653-2.6-0.999997 (TeX Live 2025) (preloaded format=xelatex)
 restricted \write18 enabled.
entering extended mode
(./control_migration_manual_zh.tex
LaTeX2e <2025-11-01>
L3 programming layer <2026-01-19>
(c:/texlive/2025/texmf-dist/tex/latex/base/book.cls
Document Class: book 2025/01/22 v1.4n Standard LaTeX document class
(c:/texlive/2025/texmf-dist/tex/latex/base/bk11.clo)) (./zlc_frontend_notes.sty
(c:/texlive/2025/texmf-dist/tex/generic/iftex/iftex.sty)
(c:/texlive/2025/texmf-dist/tex/latex/geometry/geometry.sty
(c:/texlive/2025/texmf-dist/tex/latex/graphics/keyval.sty)
(c:/texlive/2025/texmf-dist/tex/generic/iftex/ifvtex.sty))
(c:/texlive/2025/texmf-dist/tex/latex/fontspec/fontspec.sty
(c:/texlive/2025/texmf-dist/tex/latex/l3packages/xparse/xparse.sty
(c:/texlive/2025/texmf-dist/tex/latex/l3kernel/expl3.sty
(c:/texlive/2025/texmf-dist/tex/latex/l3backend/l3backend-xetex.def)))
(c:/texlive/2025/texmf-dist/tex/latex/fontspec/fontspec-xetex.sty
(c:/texlive/2025/texmf-dist/tex/latex/base/fontenc.sty)
(c:/texlive/2025/texmf-dist/tex/latex/fontspec/fontspec.cfg)))
(c:/texlive/2025/texmf-dist/tex/xelatex/xecjk/xeCJK.sty
(c:/texlive/2025/texmf-dist/tex/latex/ctex/ctexhook.sty)
(c:/texlive/2025/texmf-dist/tex/latex/l3packages/xtemplate/xtemplate.sty)
(c:/texlive/2025/texmf-dist/tex/xelatex/xecjk/xeCJK.cfg))
(c:/texlive/2025/texmf-dist/tex/latex/microtype/microtype.sty
(c:/texlive/2025/texmf-dist/tex/latex/etoolbox/etoolbox.sty)
(c:/texlive/2025/texmf-dist/tex/latex/microtype/microtype-xetex.def)
(c:/texlive/2025/texmf-dist/tex/latex/microtype/microtype.cfg))
(c:/texlive/2025/texmf-dist/tex/latex/amsmath/amsmath.sty
For additional information on amsmath, use the `?' option.
(c:/texlive/2025/texmf-dist/tex/latex/amsmath/amstext.sty
(c:/texlive/2025/texmf-dist/tex/latex/amsmath/amsgen.sty))
(c:/texlive/2025/texmf-dist/tex/latex/amsmath/amsbsy.sty)
(c:/texlive/2025/texmf-dist/tex/latex/amsmath/amsopn.sty))
(c:/texlive/2025/texmf-dist/tex/latex/amsfonts/amssymb.sty
(c:/texlive/2025/texmf-dist/tex/latex/amsfonts/amsfonts.sty))
(c:/texlive/2025/texmf-dist/tex/latex/mathtools/mathtools.sty
(c:/texlive/2025/texmf-dist/tex/latex/tools/calc.sty)
(c:/texlive/2025/texmf-dist/tex/latex/mathtools/mhsetup.sty))
(c:/texlive/2025/texmf-dist/tex/latex/tools/bm.sty)
(c:/texlive/2025/texmf-dist/tex/latex/graphics/graphicx.sty
(c:/texlive/2025/texmf-dist/tex/latex/graphics/graphics.sty
(c:/texlive/2025/texmf-dist/tex/latex/graphics/trig.sty)
(c:/texlive/2025/texmf-dist/tex/latex/graphics-cfg/graphics.cfg)
(c:/texlive/2025/texmf-dist/tex/latex/graphics-def/xetex.def)))
(c:/texlive/2025/texmf-dist/tex/latex/xcolor/xcolor.sty
(c:/texlive/2025/texmf-dist/tex/latex/graphics-cfg/color.cfg)
(c:/texlive/2025/texmf-dist/tex/latex/graphics/mathcolor.ltx))
(c:/texlive/2025/texmf-dist/tex/latex/titlesec/titlesec.sty)
(c:/texlive/2025/texmf-dist/tex/latex/titlesec/titletoc.sty)
(c:/texlive/2025/texmf-dist/tex/latex/fancyhdr/fancyhdr.sty)
(c:/texlive/2025/texmf-dist/tex/latex/marginnote/marginnote.sty)
(c:/texlive/2025/texmf-dist/tex/latex/marginfix/marginfix.sty)
==> First Aid for marginfix.sty applied!
(c:/texlive/2025/texmf-dist/tex/latex/ragged2e/ragged2e.sty)
(c:/texlive/2025/texmf-dist/tex/latex/needspace/needspace.sty)
(c:/texlive/2025/texmf-dist/tex/latex/booktabs/booktabs.sty)
(c:/texlive/2025/texmf-dist/tex/latex/tools/array.sty)
(c:/texlive/2025/texmf-dist/tex/latex/tools/tabularx.sty)
(c:/texlive/2025/texmf-dist/tex/latex/enumitem/enumitem.sty)
(c:/texlive/2025/texmf-dist/tex/latex/fvextra/fvextra.sty
(c:/texlive/2025/texmf-dist/tex/latex/fancyvrb/fancyvrb.sty)
(c:/texlive/2025/texmf-dist/tex/generic/pdftexcmds/pdftexcmds.sty
(c:/texlive/2025/texmf-dist/tex/generic/infwarerr/infwarerr.sty)
(c:/texlive/2025/texmf-dist/tex/generic/ltxcmds/ltxcmds.sty))
(c:/texlive/2025/texmf-dist/tex/latex/upquote/upquote.sty
(c:/texlive/2025/texmf-dist/tex/latex/base/textcomp.sty))
(c:/texlive/2025/texmf-dist/tex/latex/lineno/lineno.sty
(c:/texlive/2025/texmf-dist/tex/latex/kvoptions/kvoptions.sty
(c:/texlive/2025/texmf-dist/tex/latex/kvsetkeys/kvsetkeys.sty))))
(c:/texlive/2025/texmf-dist/tex/latex/tcolorbox/tcolorbox.sty
(c:/texlive/2025/texmf-dist/tex/latex/pgf/frontendlayer/tikz.sty
(c:/texlive/2025/texmf-dist/tex/latex/pgf/basiclayer/pgf.sty
(c:/texlive/2025/texmf-dist/tex/latex/pgf/utilities/pgfrcs.sty
(c:/texlive/2025/texmf-dist/tex/generic/pgf/utilities/pgfutil-common.tex)
(c:/texlive/2025/texmf-dist/tex/generic/pgf/utilities/pgfutil-latex.def)
(c:/texlive/2025/texmf-dist/tex/generic/pgf/utilities/pgfrcs.code.tex
(c:/texlive/2025/texmf-dist/tex/generic/pgf/pgf.revision.tex)))
(c:/texlive/2025/texmf-dist/tex/latex/pgf/basiclayer/pgfcore.sty
(c:/texlive/2025/texmf-dist/tex/latex/pgf/systemlayer/pgfsys.sty
(c:/texlive/2025/texmf-dist/tex/generic/pgf/systemlayer/pgfsys.code.tex
(c:/texlive/2025/texmf-dist/tex/generic/pgf/utilities/pgfkeys.code.tex
(c:/texlive/2025/texmf-dist/tex/generic/pgf/utilities/pgfkeyslibraryfiltered.co
de.tex)) (c:/texlive/2025/texmf-dist/tex/generic/pgf/systemlayer/pgf.cfg)
(c:/texlive/2025/texmf-dist/tex/generic/pgf/systemlayer/pgfsys-xetex.def
(c:/texlive/2025/texmf-dist/tex/generic/pgf/systemlayer/pgfsys-dvipdfmx.def
(c:/texlive/2025/texmf-dist/tex/generic/pgf/systemlayer/pgfsys-common-pdf.def))
))
(c:/texlive/2025/texmf-dist/tex/generic/pgf/systemlayer/pgfsyssoftpath.code.tex
)
(c:/texlive/2025/texmf-dist/tex/generic/pgf/systemlayer/pgfsysprotocol.code.tex
)) (c:/texlive/2025/texmf-dist/tex/generic/pgf/basiclayer/pgfcore.code.tex
(c:/texlive/2025/texmf-dist/tex/generic/pgf/math/pgfmath.code.tex
(c:/texlive/2025/texmf-dist/tex/generic/pgf/math/pgfmathutil.code.tex)
(c:/texlive/2025/texmf-dist/tex/generic/pgf/math/pgfmathparser.code.tex)
(c:/texlive/2025/texmf-dist/tex/generic/pgf/math/pgfmathfunctions.code.tex)
(c:/texlive/2025/texmf-dist/tex/generic/pgf/math/pgfmathfunctions.basic.code.te
x)
(c:/texlive/2025/texmf-dist/tex/generic/pgf/math/pgfmathfunctions.trigonometric
.code.tex)
(c:/texlive/2025/texmf-dist/tex/generic/pgf/math/pgfmathfunctions.random.code.t
ex)
(c:/texlive/2025/texmf-dist/tex/generic/pgf/math/pgfmathfunctions.comparison.co
de.tex)
(c:/texlive/2025/texmf-dist/tex/generic/pgf/math/pgfmathfunctions.base.code.tex
)
(c:/texlive/2025/texmf-dist/tex/generic/pgf/math/pgfmathfunctions.round.code.te
x)
(c:/texlive/2025/texmf-dist/tex/generic/pgf/math/pgfmathfunctions.misc.code.tex
)
(c:/texlive/2025/texmf-dist/tex/generic/pgf/math/pgfmathfunctions.integerarithm
etics.code.tex)
(c:/texlive/2025/texmf-dist/tex/generic/pgf/math/pgfmathcalc.code.tex)
(c:/texlive/2025/texmf-dist/tex/generic/pgf/math/pgfmathfloat.code.tex))
(c:/texlive/2025/texmf-dist/tex/generic/pgf/math/pgfint.code.tex)
(c:/texlive/2025/texmf-dist/tex/generic/pgf/basiclayer/pgfcorepoints.code.tex)
(c:/texlive/2025/texmf-dist/tex/generic/pgf/basiclayer/pgfcorepathconstruct.cod
e.tex)
(c:/texlive/2025/texmf-dist/tex/generic/pgf/basiclayer/pgfcorepathusage.code.te
x)
(c:/texlive/2025/texmf-dist/tex/generic/pgf/basiclayer/pgfcorescopes.code.tex)
(c:/texlive/2025/texmf-dist/tex/generic/pgf/basiclayer/pgfcoregraphicstate.code
.tex)
(c:/texlive/2025/texmf-dist/tex/generic/pgf/basiclayer/pgfcoretransformations.c
ode.tex)
(c:/texlive/2025/texmf-dist/tex/generic/pgf/basiclayer/pgfcorequick.code.tex)
(c:/texlive/2025/texmf-dist/tex/generic/pgf/basiclayer/pgfcoreobjects.code.tex)

(c:/texlive/2025/texmf-dist/tex/generic/pgf/basiclayer/pgfcorepathprocessing.co
de.tex)
(c:/texlive/2025/texmf-dist/tex/generic/pgf/basiclayer/pgfcorearrows.code.tex)
(c:/texlive/2025/texmf-dist/tex/generic/pgf/basiclayer/pgfcoreshade.code.tex)
(c:/texlive/2025/texmf-dist/tex/generic/pgf/basiclayer/pgfcoreimage.code.tex)
(c:/texlive/2025/texmf-dist/tex/generic/pgf/basiclayer/pgfcoreexternal.code.tex
) (c:/texlive/2025/texmf-dist/tex/generic/pgf/basiclayer/pgfcorelayers.code.tex
)
(c:/texlive/2025/texmf-dist/tex/generic/pgf/basiclayer/pgfcoretransparency.code
.tex)
(c:/texlive/2025/texmf-dist/tex/generic/pgf/basiclayer/pgfcorepatterns.code.tex
) (c:/texlive/2025/texmf-dist/tex/generic/pgf/basiclayer/pgfcorerdf.code.tex)))
 (c:/texlive/2025/texmf-dist/tex/generic/pgf/modules/pgfmoduleshapes.code.tex)
(c:/texlive/2025/texmf-dist/tex/generic/pgf/modules/pgfmoduleplot.code.tex)
(c:/texlive/2025/texmf-dist/tex/latex/pgf/compatibility/pgfcomp-version-0-65.st
y)
(c:/texlive/2025/texmf-dist/tex/latex/pgf/compatibility/pgfcomp-version-1-18.st
y)) (c:/texlive/2025/texmf-dist/tex/latex/pgf/utilities/pgffor.sty
(c:/texlive/2025/texmf-dist/tex/latex/pgf/utilities/pgfkeys.sty
(c:/texlive/2025/texmf-dist/tex/generic/pgf/utilities/pgfkeys.code.tex))
(c:/texlive/2025/texmf-dist/tex/latex/pgf/math/pgfmath.sty
(c:/texlive/2025/texmf-dist/tex/generic/pgf/math/pgfmath.code.tex))
(c:/texlive/2025/texmf-dist/tex/generic/pgf/utilities/pgffor.code.tex))
(c:/texlive/2025/texmf-dist/tex/generic/pgf/frontendlayer/tikz/tikz.code.tex
(c:/texlive/2025/texmf-dist/tex/generic/pgf/libraries/pgflibraryplothandlers.co
de.tex)
(c:/texlive/2025/texmf-dist/tex/generic/pgf/modules/pgfmodulematrix.code.tex)
(c:/texlive/2025/texmf-dist/tex/generic/pgf/frontendlayer/tikz/libraries/tikzli
brarytopaths.code.tex)))
(c:/texlive/2025/texmf-dist/tex/latex/tools/verbatim.sty)
(c:/texlive/2025/texmf-dist/tex/latex/environ/environ.sty
(c:/texlive/2025/texmf-dist/tex/latex/trimspaces/trimspaces.sty))
(c:/texlive/2025/texmf-dist/tex/latex/tcolorbox/tcbraster.code.tex
Library (tcolorbox): 'tcbraster.code.tex' version '6.9.0'
) (c:/texlive/2025/texmf-dist/tex/latex/tcolorbox/tcbskins.code.tex
Library (tcolorbox): 'tcbskins.code.tex' version '6.9.0'
(c:/texlive/2025/texmf-dist/tex/latex/tikzfill/tikzfill.image.sty
(c:/texlive/2025/texmf-dist/tex/latex/tikzfill/tikzfill-common.sty)
(c:/texlive/2025/texmf-dist/tex/latex/tikzfill/tikzlibraryfill.image.code.tex))
 (c:/texlive/2025/texmf-dist/tex/latex/tcolorbox/tcbskinsjigsaw.code.tex
Library (tcolorbox): 'tcbskinsjigsaw.code.tex' version '6.9.0'
)) (c:/texlive/2025/texmf-dist/tex/latex/tcolorbox/tcbbreakable.code.tex
Library (tcolorbox): 'tcbbreakable.code.tex' version '6.9.0'
(c:/texlive/2025/texmf-dist/tex/latex/pdfcol/pdfcol.sty))
(c:/texlive/2025/texmf-dist/tex/latex/tcolorbox/tcbhooks.code.tex
Library (tcolorbox): 'tcbhooks.code.tex' version '6.9.0'
) (c:/texlive/2025/texmf-dist/tex/latex/tcolorbox/tcbtheorems.code.tex
Library (tcolorbox): 'tcbtheorems.code.tex' version '6.9.0'
) (c:/texlive/2025/texmf-dist/tex/latex/tcolorbox/tcbfitting.code.tex
Library (tcolorbox): 'tcbfitting.code.tex' version '6.9.0'
) (c:/texlive/2025/texmf-dist/tex/latex/tcolorbox/tcblistingsutf8.code.tex
Library (tcolorbox): 'tcblistingsutf8.code.tex' version '6.9.0'
(c:/texlive/2025/texmf-dist/tex/latex/tcolorbox/tcblistings.code.tex
Library (tcolorbox): 'tcblistings.code.tex' version '6.9.0'
(c:/texlive/2025/texmf-dist/tex/latex/listings/listings.sty
(c:/texlive/2025/texmf-dist/tex/latex/listings/lstpatch.sty)
(c:/texlive/2025/texmf-dist/tex/latex/listings/lstmisc.sty)
(c:/texlive/2025/texmf-dist/tex/latex/listings/listings.cfg))
(c:/texlive/2025/texmf-dist/tex/xelatex/xecjk/xeCJK-listings.sty)
==> First Aid for listings.sty no longer applied!
    Expected:
        2024/09/23 1.10c (Carsten Heinz)
    but found:
        2025/11/14 1.11b (Carsten Heinz)
    so I'm assuming it got fixed.
(c:/texlive/2025/texmf-dist/tex/latex/tcolorbox/tcblistingscore.code.tex
Library (tcolorbox): 'tcblistingscore.code.tex' version '6.9.0'
(c:/texlive/2025/texmf-dist/tex/latex/tcolorbox/tcbprocessing.code.tex
Library (tcolorbox): 'tcbprocessing.code.tex' version '6.9.0'
)))) (c:/texlive/2025/texmf-dist/tex/latex/tcolorbox/tcbexternal.code.tex
Library (tcolorbox): 'tcbexternal.code.tex' version '6.9.0'
) (c:/texlive/2025/texmf-dist/tex/latex/tcolorbox/tcbmagazine.code.tex
Library (tcolorbox): 'tcbmagazine.code.tex' version '6.9.0'
) (c:/texlive/2025/texmf-dist/tex/latex/tcolorbox/tcbvignette.code.tex
Library (tcolorbox): 'tcbvignette.code.tex' version '6.9.0'

(c:/texlive/2025/texmf-dist/tex/generic/pgf/frontendlayer/tikz/libraries/tikzli
braryfadings.code.tex
(c:/texlive/2025/texmf-dist/tex/generic/pgf/libraries/pgflibraryfadings.code.te
x))) (c:/texlive/2025/texmf-dist/tex/latex/tcolorbox/tcbposter.code.tex
Library (tcolorbox): 'tcbposter.code.tex' version '6.9.0'
)) (c:/texlive/2025/texmf-dist/tex/latex/hyperref/hyperref.sty
(c:/texlive/2025/texmf-dist/tex/generic/kvdefinekeys/kvdefinekeys.sty)
(c:/texlive/2025/texmf-dist/tex/generic/pdfescape/pdfescape.sty)
(c:/texlive/2025/texmf-dist/tex/latex/hycolor/hycolor.sty)
(c:/texlive/2025/texmf-dist/tex/latex/hyperref/nameref.sty
(c:/texlive/2025/texmf-dist/tex/latex/refcount/refcount.sty)
(c:/texlive/2025/texmf-dist/tex/generic/gettitlestring/gettitlestring.sty))
(c:/texlive/2025/texmf-dist/tex/generic/stringenc/stringenc.sty)
(c:/texlive/2025/texmf-dist/tex/latex/hyperref/pd1enc.def)
(c:/texlive/2025/texmf-dist/tex/generic/intcalc/intcalc.sty)
(c:/texlive/2025/texmf-dist/tex/latex/hyperref/puenc.def)
(c:/texlive/2025/texmf-dist/tex/latex/url/url.sty)
(c:/texlive/2025/texmf-dist/tex/generic/bitset/bitset.sty
(c:/texlive/2025/texmf-dist/tex/generic/bigintcalc/bigintcalc.sty)))
(c:/texlive/2025/texmf-dist/tex/latex/hyperref/hxetex.def
(c:/texlive/2025/texmf-dist/tex/latex/rerunfilecheck/rerunfilecheck.sty
(c:/texlive/2025/texmf-dist/tex/generic/uniquecounter/uniquecounter.sty)))
(c:/texlive/2025/texmf-dist/tex/latex/jetbrainsmono-otf/jetbrainsmono.fontspec)
(c:/texlive/2025/texmf-dist/tex/latex/jetbrainsmono-otf/jetbrainsmono.fontspec)
(c:/texlive/2025/texmf-dist/tex/latex/jetbrainsmono-otf/jetbrainsmono.fontspec)
) (./control_migration_manual_zh.aux)
*geometry* driver: auto-detecting
*geometry* detected driver: xetex

Package microtype Warning: Unable to apply patch `footnote' on input line 4.

(c:/texlive/2025/texmf-dist/tex/latex/microtype/mt-Palatino.cfg)
(./control_migration_manual_zh.out) (./control_migration_manual_zh.out)
[1] (./control_migration_manual_zh.toc [1] [2]) [3]
Chapter 1.

Overfull \hbox (103.10355pt too wide) in paragraph at lines 24--25
[]\TU/MicrosoftYaHei(0)/m/n/10.95 图 像 判 别 变 成 []\TU/JetBrainsMono(0)/m/n/10.95 
TrapCalibration[]\TU/MicrosoftYaHei(0)/m/n/10.95 、| []\TU/JetBrainsMono(0)/m/n/
10.95 roi_counts[]\TU/MicrosoftYaHei(0)/m/n/10.95 、| []\TU/JetBrainsMono(0)/m/n
/10.95 detect_atoms[]\TU/MicrosoftYaHei(0)/m/n/10.95 ，|  旧 的 []\TU/JetBrainsMon
o(0)/m/n/10.95 center.npy/threshold.npy/freq.npy[]

Overfull \hbox (24.62614pt too wide) in paragraph at lines 25--26
[]\TU/MicrosoftYaHei(0)/m/n/10.95 实 验 调 度 变 成 []\TU/JetBrainsMono(0)/m/n/10.95 
ShotExperiment[]\TU/MicrosoftYaHei(0)/m/n/10.95 、| []\TU/JetBrainsMono(0)/m/n/1
0.95 ImageStackExperiment[]\TU/MicrosoftYaHei(0)/m/n/10.95 、| []\TU/JetBrainsMo
no(0)/m/n/10.95 LoadingHistogramExperiment[]\TU/MicrosoftYaHei(0)/m/n/10.95 、|
[1] [2]
Chapter 2.
[3] [4] [5]
Chapter 3.

Overfull \hbox (21.6537pt too wide) in paragraph at lines 79--81
[]\TU/JetBrainsMono(0)/m/n/10.95 qCMOS.py[] \TU/MicrosoftYaHei(0)/m/n/10.95 里 的
 []\TU/JetBrainsMono(0)/m/n/10.95 capture_with_interactive_ui(save_dir, num_fra
mes, exposure_time,

Overfull \hbox (50.27896pt too wide) in paragraph at lines 89--90
[]\TU/MicrosoftYaHei(0)/m/n/10.95 循 环 []\TU/JetBrainsMono(0)/m/n/10.95 wait_cap
event_frameready(timeout)[]\TU/MicrosoftYaHei(0)/m/n/10.95 ；|  成 功 后 读 取 []\TU/
JetBrainsMono(0)/m/n/10.95 cap_transferinfo().nFrameCount[]\TU/MicrosoftYaHei(0
)/m/n/10.95 ，|
[6]
Overfull \hbox (24.76611pt too wide) in paragraph at lines 137--138
[]\TU/JetBrainsMono(0)/m/n/10.95 validate_qcmos_timeout_budget[]\TU/MicrosoftYa
Hei(0)/m/n/10.95 、| []\TU/JetBrainsMono(0)/m/n/10.95 HamamatsuQCMOSCamera.acqui
re[] \TU/MicrosoftYaHei(0)/m/n/10.95 和 []\TU/JetBrainsMono(0)/m/n/10.95 last_ac
quisition[]
[7] [8]
Chapter 4.
[9]
Overfull \hbox (43.81604pt too wide) in paragraph at lines 166--167
[]\TU/MicrosoftYaHei(0)/m/n/10.95 重 构 后 的 []\TU/JetBrainsMono(0)/m/n/10.95 sort
_centers_grid[]\TU/MicrosoftYaHei(0)/m/n/10.95 、| []\TU/JetBrainsMono(0)/m/n/10
.95 find_trap_centers[] \TU/MicrosoftYaHei(0)/m/n/10.95 和 []\TU/JetBrainsMono(0
)/m/n/10.95 TrapCalibration.from_legacy_files[]
[10]
Chapter 5.
(c:/texlive/2025/texmf-dist/tex/latex/amsfonts/umsa.fd)
(c:/texlive/2025/texmf-dist/tex/latex/microtype/mt-msa.cfg)
(c:/texlive/2025/texmf-dist/tex/latex/amsfonts/umsb.fd)
(c:/texlive/2025/texmf-dist/tex/latex/microtype/mt-msb.cfg)
(c:/texlive/2025/texmf-dist/tex/latex/microtype/mt-cmr.cfg) [11] [12] [13]
Chapter 6.

Overfull \hbox (30.32611pt too wide) in paragraph at lines 225--226
[]\TU/JetBrainsMono(0)/m/n/10.95 pxie_control.py[] \TU/MicrosoftYaHei(0)/m/n/10
.95 通 过 []\TU/JetBrainsMono(0)/m/n/10.95 ctypes.cdll.LoadLibrary(”C:\\Windows\\
SysWOW64\\pxie.dll”)[]
[14]
Overfull \hbox (112.43257pt too wide) in paragraph at lines 254--255
[][]\TU/JetBrainsMono(0)/m/n/10.95 AODMoveParams[] \TU/MicrosoftYaHei(0)/m/n/10
.95 保 存 []\TU/JetBrainsMono(0)/m/n/10.95 accel/accel_time_ticks/ramp_step/ramp_
time_ticks/amp_max/tick_seconds[]\TU/MicrosoftYaHei(0)/m/n/10.95 。| 
[15]
Chapter 7.
[16]
Overfull \hbox (44.98207pt too wide) in paragraph at lines 297--298
[]\TU/JetBrainsMono(0)/m/n/10.95 debug[] \TU/MicrosoftYaHei(0)/m/n/10.95 为 真 时，
| []\TU/JetBrainsMono(0)/m/n/10.95 time_sequence.v[] \TU/MicrosoftYaHei(0)/m/n/
10.95 走 手 动 开 关 分 支：| []\TU/JetBrainsMono(0)/m/n/10.95 cooling_on/probe_on/addr
ess_on/trap_on/...[]
[17]
Underfull \hbox (badness 1888) in paragraph at lines 309--310
\TU/MicrosoftYaHei(0)/m/n/10.95 量，|  例 如 []\TU/JetBrainsMono(0)/m/n/10.95 ADDRE
SS_SWITCH_PIN_MAP[] \TU/MicrosoftYaHei(0)/m/n/10.95 和 []\TU/JetBrainsMono(0)/m/
n/10.95 ADDRESS_SWITCH_CONTROL_PIN_MAP[]\TU/MicrosoftYaHei(0)/m/n/10.95 ，|  并 提
 供
[18]
Chapter 8.

Underfull \hbox (badness 10000) in paragraph at lines 327--327
[]|\TU/MicrosoftYaHei(0)/b/n/10.95 当 前 目 录 决 定

Overfull \hbox (79.39943pt too wide) in paragraph at lines 327--327
[]\TU/JetBrainsMono(0)/b/n/10.95 center.npy/threshold.npy/freq.npy[]| 

Underfull \hbox (badness 10000) in paragraph at lines 327--327
[]|\TU/TeXGyrePagella(0)/b/n/10.95 PXIE path\TU/MicrosoftYaHei(0)/b/n/10.95 、| 
\TU/TeXGyrePagella(0)/b/n/10.95 frequency

Overfull \hbox (17.10667pt too wide) in paragraph at lines 327--328
[][] 
[19] [20]
Chapter 9.
[21] [22]
Chapter 10.
[23] [24]
Chapter 11.

Overfull \hbox (131.12944pt too wide) in paragraph at lines 422--423
\TU/MicrosoftYaHei(0)/m/n/10.95 义：| \TU/TeXGyrePagella(0)/m/n/10.95 channel \TU
/MicrosoftYaHei(0)/m/n/10.95 名、| \TU/TeXGyrePagella(0)/m/n/10.95 start \TU/Micr
osoftYaHei(0)/m/n/10.95 秒、| \TU/TeXGyrePagella(0)/m/n/10.95 duration \TU/Micros
oftYaHei(0)/m/n/10.95 秒、| \TU/TeXGyrePagella(0)/m/n/10.95 value\TU/MicrosoftYaH
ei(0)/m/n/10.95 、| \TU/TeXGyrePagella(0)/m/n/10.95 channel delay\TU/MicrosoftYa
Hei(0)/m/n/10.95 。|  只 有 在 []\TU/JetBrainsMono(0)/m/n/10.95 validate/compile_ed
ges/generate_sequence_verilog[]
[25] [26]
Chapter 12.
[27]
Chapter 13.

Overfull \hbox (19.22304pt too wide) in paragraph at lines 468--469
[]\TU/JetBrainsMono(0)/m/n/10.95 FrequencyMap[] \TU/MicrosoftYaHei(0)/m/n/10.95
 接 管 旧 []\TU/JetBrainsMono(0)/m/n/10.95 freq.npy[] \TU/MicrosoftYaHei(0)/m/n/10
.95 的 语 义。|  它 可 以 从 \TU/TeXGyrePagella(0)/m/n/10.95 legacy file \TU/MicrosoftY
aHei(0)/m/n/10.95 载 入，|  并 显 式 指 定 []\TU/JetBrainsMono(0)/m/n/10.95 layout=”fre
q_list”[]\TU/MicrosoftYaHei(0)/m/n/10.95 、|
[28]
Chapter 14.
[29] [30]
Chapter 15.
[31]
Chapter 16.

Overfull \hbox (26.42415pt too wide) in paragraph at lines 538--539
\TU/MicrosoftYaHei(0)/m/n/10.95 旧 写 法 中 []\TU/JetBrainsMono(0)/m/n/10.95 frames
_per_group[] \TU/MicrosoftYaHei(0)/m/n/10.95 的 平 均 逻 辑 在 \TU/TeXGyrePagella(0)/
m/n/10.95 qCMOS capture \TU/MicrosoftYaHei(0)/m/n/10.95 函 数 里。|  新 写 法 中 []\TU/
JetBrainsMono(0)/m/n/10.95 ImageStackExperiment[]
[32]
Overfull \hbox (5.9108pt too wide) in paragraph at lines 570--571
[]\TU/MicrosoftYaHei(0)/m/n/10.95 如 果 要 迁 移 旧 \TU/TeXGyrePagella(0)/m/n/10.95 t
ick \TU/MicrosoftYaHei(0)/m/n/10.95 参 数，|  用 []\TU/JetBrainsMono(0)/m/n/10.95 A
ddressSwitchTiming.from_legacy_ticks(clock_hz=...)[]\TU/MicrosoftYaHei(0)/m/n/1
0.95 ，|
[33]
Chapter 17.

Underfull \hbox (badness 1478) in paragraph at lines 575--576
[]\TU/MicrosoftYaHei(0)/m/n/10.95 看 []\TU/JetBrainsMono(0)/m/n/10.95 inspect_de
vice_config[]\TU/MicrosoftYaHei(0)/m/n/10.95 、| \TU/TeXGyrePagella(0)/m/n/10.95
 device class\TU/MicrosoftYaHei(0)/m/n/10.95 、|  参 数 名、| \TU/TeXGyrePagella(0)/
m/n/10.95 path-like \TU/MicrosoftYaHei(0)/m/n/10.95 参 数 和
[34]
Chapter 18.
[35] (./control_migration_manual_zh.aux) )
(see the transcript file for additional information)
Output written on control_migration_manual_zh.pdf (39 pages).
Transcript written on control_migration_manual_zh.log.
