\BOOKMARK [0][-]{chapter.1}{\376\377\226\005\213\373\203\003\126\364\116\016\176\323\213\272}{}% 1
\BOOKMARK [1][-]{section.1.1}{\376\377\217\331\116\375\145\207\150\143\123\352\213\250\213\272\116\300\116\110}{chapter.1}% 2
\BOOKMARK [1][-]{section.1.2}{\376\377\116\000\123\345\213\335\140\073\176\323}{chapter.1}% 3
\BOOKMARK [0][-]{chapter.2}{\376\377\123\237\131\313\000\040\000P\000y\000t\000h\000o\000n\000C\000a\000m\000D\000e\000m\000o\000\040\140\073\211\310}{}% 4
\BOOKMARK [1][-]{section.2.1}{\376\377\166\356\137\125\211\322\202\162}{chapter.2}% 5
\BOOKMARK [1][-]{section.2.2}{\376\377\123\237\131\313\155\101\172\013\166\204\162\266\140\001\126\376}{chapter.2}% 6
\BOOKMARK [1][-]{section.2.3}{\376\377\123\237\131\313\116\343\170\001\116\072\116\300\116\110\200\375\137\353\220\037\143\250\217\333\133\236\232\214}{chapter.2}% 7
\BOOKMARK [1][-]{section.2.4}{\376\377\123\237\131\313\116\343\170\001\166\204\116\073\211\201\176\364\142\244\116\343\116\367}{chapter.2}% 8
\BOOKMARK [0][-]{chapter.3}{\376\377\000q\000C\000M\000O\000S\000\040\123\237\131\313\221\307\226\306\220\073\217\221}{}% 9
\BOOKMARK [1][-]{section.3.1}{\376\377\116\244\116\222\137\017\000\040\000q\000C\000M\000O\000S\000\040\221\307\226\306\121\375\145\160}{chapter.3}% 10
\BOOKMARK [1][-]{section.3.2}{\376\377\000G\000U\000I\000\040\217\333\172\013\166\204\141\017\116\111\124\214\116\343\116\367}{chapter.3}% 11
\BOOKMARK [1][-]{section.3.3}{\376\377\116\011\153\265\137\017\000\040\000q\000C\000M\000O\000S\000\040\143\245\123\343}{chapter.3}% 12
\BOOKMARK [1][-]{section.3.4}{\376\377\000q\000C\000M\000O\000S\000\040\123\237\131\313\220\073\217\221\166\204\121\163\225\056\226\220\124\053\120\107\213\276}{chapter.3}% 13
\BOOKMARK [1][-]{section.3.5}{\376\377\221\315\147\204\133\371\136\224\121\163\174\373}{chapter.3}% 14
\BOOKMARK [0][-]{chapter.4}{\376\377\126\376\120\317\122\006\147\220\060\001\226\010\120\074\124\214\150\041\121\306\145\207\116\366}{}% 15
\BOOKMARK [1][-]{section.4.1}{\376\377\116\011\116\052\145\347\150\041\121\306\145\207\116\366}{chapter.4}% 16
\BOOKMARK [1][-]{section.4.2}{\376\377\123\237\131\313\126\376\120\317\122\044\122\053\152\041\127\213}{chapter.4}% 17
\BOOKMARK [1][-]{section.4.3}{\376\377\000c\000e\000n\000t\000e\000r\000\040\000f\000i\000n\000d\000e\000r\000\040\124\214\000\040\000o\000r\000d\000e\000r\000i\000n\000g}{chapter.4}% 18
\BOOKMARK [1][-]{section.4.4}{\376\377\226\010\120\074\117\060\213\241}{chapter.4}% 19
\BOOKMARK [0][-]{chapter.5}{\376\377\221\315\143\222\000\040\000p\000l\000a\000n\000n\000e\000r\000\040\123\237\131\313\220\073\217\221}{}% 20
\BOOKMARK [1][-]{section.5.1}{\376\377\145\351\147\037\000\040\000L\000S\000A\000P\000\040\221\315\143\222\126\150}{chapter.5}% 21
\BOOKMARK [1][-]{section.5.2}{\376\377\124\016\147\037\000\040\000c\000a\000s\000c\000a\000d\000e\000\040\000p\000u\000s\000h\000i\000n\000g}{chapter.5}% 22
\BOOKMARK [1][-]{section.5.3}{\376\377\000p\000l\000a\000n\000n\000e\000r\000\040\124\214\000\040\000h\000a\000r\000d\000w\000a\000r\000e\000\040\000m\000o\000v\000e\000\040\166\204\217\271\165\114}{chapter.5}% 23
\BOOKMARK [0][-]{chapter.6}{\376\377\000P\000X\000I\000E\000/\000A\000O\000D\000\040\123\237\131\313\143\247\122\066\220\073\217\221}{}% 24
\BOOKMARK [1][-]{section.6.1}{\376\377\000D\000L\000L\000\040\176\321\133\232\124\214\147\177\123\141\122\035\131\313\123\026}{chapter.6}% 25
\BOOKMARK [1][-]{section.6.2}{\376\377\230\221\163\207\000\040\000r\000a\000m\000p\000\040\166\204\162\151\164\006\124\053\116\111}{chapter.6}% 26
\BOOKMARK [1][-]{section.6.3}{\376\377\000a\000m\000p\000l\000i\000t\000u\000d\000e\000\040\000r\000a\000m\000p\000\040\000u\000p\000/\000d\000o\000w\000n}{chapter.6}% 27
\BOOKMARK [1][-]{section.6.4}{\376\377\116\042\137\003\123\237\133\120}{chapter.6}% 28
\BOOKMARK [1][-]{section.6.5}{\376\377\221\315\147\204\133\371\136\224\121\163\174\373}{chapter.6}% 29
\BOOKMARK [0][-]{chapter.7}{\376\377\000a\000d\000d\000r\000e\000s\000s\000\137\000s\000w\000i\000t\000c\000h\000\040\123\237\131\313\000\040\000V\000e\000r\000i\000l\000o\000g\000\040\220\073\217\221}{}% 30
\BOOKMARK [1][-]{section.7.1}{\376\377\135\345\172\013\176\323\147\204}{chapter.7}% 31
\BOOKMARK [1][-]{section.7.2}{\376\377\000m\000a\000i\000n\000.\000v\000:\000\040\000V\000I\000O\000\040\123\302\145\160\150\145}{chapter.7}% 32
\BOOKMARK [1][-]{section.7.3}{\376\377\000t\000i\000m\000e\000\137\000s\000e\000q\000u\000e\000n\000c\000e\000.\000v\000:\000\040\175\057\213\241\145\366\225\364\147\141\116\366}{chapter.7}% 33
\BOOKMARK [1][-]{section.7.4}{\376\377\000d\000e\000b\000u\000g\000\040\122\006\145\057\124\214\000\040\000r\000u\000n\000\040\122\006\145\057}{chapter.7}% 34
\BOOKMARK [1][-]{section.7.5}{\376\377\000T\000T\000L\060\001\000s\000h\000u\000t\000t\000e\000r\000\040\124\214\000\040\000D\000A\000\040\155\367\127\050\124\014\116\000\116\052\145\366\136\217\152\041\127\127}{chapter.7}% 35
\BOOKMARK [1][-]{section.7.6}{\376\377\000p\000i\000n\000\040\000m\000a\000p\000\040\166\204\217\301\171\373}{chapter.7}% 36
\BOOKMARK [0][-]{chapter.8}{\376\377\123\237\131\313\220\073\217\221\166\204\121\163\225\056\230\316\226\151}{}% 37
\BOOKMARK [1][-]{section.8.1}{\376\377\116\015\146\057\040\034\116\343\170\001\116\015\131\175\040\035\377\014\200\014\146\057\217\271\165\114\131\052\226\220\137\017}{chapter.8}% 38
\BOOKMARK [1][-]{section.8.2}{\376\377\116\072\116\300\116\110\137\305\230\173\120\132\000\040\000p\000r\000e\000f\000l\000i\000g\000h\000t}{chapter.8}% 39
\BOOKMARK [0][-]{chapter.9}{\376\377\221\315\147\204\124\016\166\204\140\073\147\266\147\204}{}% 40
\BOOKMARK [1][-]{section.9.1}{\376\377\152\041\127\127\217\271\165\114}{chapter.9}% 41
\BOOKMARK [1][-]{section.9.2}{\376\377\116\072\116\300\116\110\154\241\147\011\116\000\116\052\131\047\000\040\000C\000o\000n\000t\000r\000o\000l\000l\000e\000r}{chapter.9}% 42
\BOOKMARK [0][-]{chapter.10}{\376\377\133\236\232\214\214\003\136\246\377\032\000s\000i\000n\000g\000l\000e\000\040\000s\000h\000o\000t}{}% 43
\BOOKMARK [1][-]{section.10.1}{\376\377\116\213\122\241\155\101\172\013}{chapter.10}% 44
\BOOKMARK [1][-]{section.10.2}{\376\377\000p\000r\000e\000p\000a\000r\000e\000/\000f\000i\000r\000e\000\040\116\072\116\300\116\110\146\057\150\070\137\303}{chapter.10}% 45
\BOOKMARK [1][-]{section.10.3}{\376\377\000l\000a\000s\000t\000\137\000a\000c\000q\000u\000i\000s\000i\000t\000i\000o\000n\000\040\000t\000r\000a\000c\000e}{chapter.10}% 46
\BOOKMARK [0][-]{chapter.11}{\376\377\000P\000u\000l\000s\000e\000S\000e\000q\000u\000e\000n\000c\000e\000\040\122\060\000\040\000V\000e\000r\000i\000l\000o\000g}{}% 47
\BOOKMARK [1][-]{section.11.1}{\376\377\162\151\164\006\145\366\136\217\124\214\000\040\000t\000i\000c\000k\000\040\142\225\137\161\122\006\137\000}{chapter.11}% 48
\BOOKMARK [1][-]{section.11.2}{\376\377\000V\000e\000r\000i\000l\000o\000g\000B\000u\000i\000l\000d\000\040\124\214\000\040\000m\000a\000n\000i\000f\000e\000s\000t}{chapter.11}% 49
\BOOKMARK [1][-]{section.11.3}{\376\377\000a\000d\000d\000r\000e\000s\000s\000\137\000s\000w\000i\000t\000c\000h\000\040\217\301\171\373}{chapter.11}% 50
\BOOKMARK [0][-]{chapter.12}{\376\377\000q\000C\000M\000O\000S\000\040\000p\000r\000e\000f\000l\000i\000g\000h\000t\000\040\124\214\124\014\153\145\150\300\147\345}{}% 51
\BOOKMARK [1][-]{section.12.1}{\376\377\000t\000r\000i\000g\000g\000e\000r\000\040\145\160}{chapter.12}% 52
\BOOKMARK [1][-]{section.12.2}{\376\377\000e\000x\000p\000o\000s\000u\000r\000e\000\040\000w\000i\000n\000d\000o\000w}{chapter.12}% 53
\BOOKMARK [1][-]{section.12.3}{\376\377\000t\000i\000m\000e\000o\000u\000t\000\040\000b\000u\000d\000g\000e\000t}{chapter.12}% 54
\BOOKMARK [1][-]{section.12.4}{\376\377\000R\000O\000I}{chapter.12}% 55
\BOOKMARK [0][-]{chapter.13}{\376\377\000A\000O\000D\000/\000P\000X\000I\000E\000\040\221\315\147\204}{}% 56
\BOOKMARK [1][-]{section.13.1}{\376\377\000F\000r\000e\000q\000u\000e\000n\000c\000y\000M\000a\000p}{chapter.13}% 57
\BOOKMARK [1][-]{section.13.2}{\376\377\000A\000O\000D\000M\000o\000v\000e}{chapter.13}% 58
\BOOKMARK [1][-]{section.13.3}{\376\377\000P\000X\000I\000E\000A\000O\000D}{chapter.13}% 59
\BOOKMARK [1][-]{section.13.4}{\376\377\000V\000i\000r\000t\000u\000a\000l\000A\000O\000D}{chapter.13}% 60
\BOOKMARK [0][-]{chapter.14}{\376\377\000f\000r\000o\000n\000t\000e\000n\000d\000\040\127\050\145\260\214\003\136\246\116\055\166\204\211\322\202\162}{}% 61
\BOOKMARK [1][-]{section.14.1}{\376\377\000a\000r\000r\000a\000y\000\040\131\121\176\246}{chapter.14}% 62
\BOOKMARK [1][-]{section.14.2}{\376\377\116\072\116\300\116\110\116\015\213\251\221\307\226\306\116\343\170\001\201\352\135\361\165\073\126\376}{chapter.14}% 63
\BOOKMARK [0][-]{chapter.15}{\376\377\000r\000u\000n\000\040\000r\000e\000c\000o\000r\000d\000\040\124\214\131\015\163\260}{}% 64
\BOOKMARK [1][-]{section.15.1}{\376\377\000r\000e\000c\000o\000r\000d\000\040\117\335\133\130\116\300\116\110}{chapter.15}% 65
\BOOKMARK [1][-]{section.15.2}{\376\377\116\072\116\300\116\110\116\015\117\335\133\130\133\214\145\164\000\040\000V\000e\000r\000i\000l\000o\000g\000\040\000s\000o\000u\000r\000c\000e}{chapter.15}% 66
\BOOKMARK [1][-]{section.15.3}{\376\377\000s\000n\000a\000p\000s\000h\000o\000t\000\040\166\204\141\017\116\111}{chapter.15}% 67
\BOOKMARK [0][-]{chapter.16}{\376\377\116\316\145\347\000\040\000n\000o\000t\000e\000b\000o\000o\000k\000\040\122\060\145\260\143\245\123\343\166\204\217\301\171\373\215\357\176\277}{}% 68
\BOOKMARK [1][-]{section.16.1}{\376\377\123\125\153\041\142\315\126\376}{chapter.16}% 69
\BOOKMARK [1][-]{section.16.2}{\376\377\131\032\136\047\000\040\000s\000t\000a\000c\000k}{chapter.16}% 70
\BOOKMARK [1][-]{section.16.3}{\376\377\221\315\143\222}{chapter.16}% 71
\BOOKMARK [1][-]{section.16.4}{\376\377\000a\000d\000d\000r\000e\000s\000s\000\137\000s\000w\000i\000t\000c\000h}{chapter.16}% 72
\BOOKMARK [0][-]{chapter.17}{\376\377\214\003\213\325\127\060\126\376}{}% 73
\BOOKMARK [1][-]{section.17.1}{\376\377\143\011\165\307\162\266\147\345\134\102}{chapter.17}% 74
\BOOKMARK [1][-]{section.17.2}{\376\377\145\260\130\236\122\237\200\375\145\076\124\352\221\314}{chapter.17}% 75
\BOOKMARK [0][-]{chapter.18}{\376\377\176\323\213\355}{}% 76
