\BOOKMARK [0][-]{chapter.1}{\376\377\213\276\213\241\166\356\150\007}{}% 1
\BOOKMARK [1][-]{section.1.1}{\376\377\217\331\116\052\000\040\000f\000r\000o\000n\000t\000-\000e\000n\000d\000\040\211\343\121\263\116\300\116\110\225\356\230\230}{chapter.1}% 2
\BOOKMARK [1][-]{section.1.2}{\376\377\116\044\147\141\121\154\137\000\215\357\137\204}{chapter.1}% 3
\BOOKMARK [0][-]{chapter.2}{\376\377\121\205\220\350\147\266\147\204\116\016\145\160\143\156\155\101}{}% 4
\BOOKMARK [1][-]{section.2.1}{\376\377\152\041\127\127\122\006\134\102}{chapter.2}% 5
\BOOKMARK [1][-]{section.2.2}{\376\377\167\037\153\143\227\000\211\201\133\210\117\117\166\204\162\266\140\001\142\100\147\011\147\103}{chapter.2}% 6
\BOOKMARK [1][-]{section.2.3}{\376\377\116\000\153\041\000\040\000l\000i\000v\000e\000\040\000u\000p\000d\000a\000t\000e\000\040\166\204\133\214\145\164\145\366\136\217}{chapter.2}% 7
\BOOKMARK [1][-]{section.2.4}{\376\377\121\340\116\052\121\163\225\056\133\236\163\260\116\072\116\300\116\110\116\015\200\375\226\217\117\277\173\200\123\026}{chapter.2}% 8
\BOOKMARK [1][-]{section.2.5}{\376\377\156\220\170\001\117\356\145\071\145\366\147\000\213\345\117\335\142\244\166\204\127\060\145\271}{chapter.2}% 9
\BOOKMARK [1][-]{section.2.6}{\376\377\121\163\225\056\116\015\123\330\221\317}{chapter.2}% 10
\BOOKMARK [1][-]{section.2.7}{\376\377\000p\000l\000o\000t\000\040\124\214\000\040\000r\000u\000n\000\040\166\204\121\163\174\373}{chapter.2}% 11
\BOOKMARK [1][-]{section.2.8}{\376\377\000R\000u\000n\000S\000e\000s\000s\000i\000o\000n\000\040\162\266\140\001\147\072\124\214\225\031\213\357\117\040\144\255}{chapter.2}% 12
\BOOKMARK [1][-]{section.2.9}{\376\377\000F\000i\000g\000u\000r\000e\000\040\165\037\124\175\124\150\147\037\124\214\126\372\133\232\134\072\133\370}{chapter.2}% 13
\BOOKMARK [0][-]{chapter.3}{\376\377\133\211\210\305\116\016\000\040\000n\000o\000t\000e\000b\000o\000o\000k\000\040\117\177\165\050}{}% 14
\BOOKMARK [1][-]{section.3.1}{\376\377\133\211\210\305}{chapter.3}% 15
\BOOKMARK [1][-]{section.3.2}{\376\377\000J\000u\000p\000y\000t\000e\000r\000\040\122\035\131\313\123\026}{chapter.3}% 16
\BOOKMARK [1][-]{section.3.3}{\376\377\150\070\137\303\145\160\143\156\131\121\176\246}{chapter.3}% 17
\BOOKMARK [0][-]{chapter.4}{\376\377\227\131\140\001\176\330\126\376\143\245\123\343}{}% 18
\BOOKMARK [1][-]{section.4.1}{\376\377\116\000\176\364\142\153\143\317}{chapter.4}% 19
\BOOKMARK [1][-]{section.4.2}{\376\377\116\214\176\364\142\153\143\317}{chapter.4}% 20
\BOOKMARK [1][-]{section.4.3}{\376\377\116\214\176\364\177\121\150\074\146\040\134\004}{chapter.4}% 21
\BOOKMARK [1][-]{section.4.4}{\376\377\000p\000l\000o\000t\000t\000e\000r\000\040\122\035\131\313\123\026\124\214\146\364\145\260}{chapter.4}% 22
\BOOKMARK [0][-]{chapter.5}{\376\377\000L\000i\000v\000e\000\040\221\307\226\306\143\245\123\343}{}% 23
\BOOKMARK [1][-]{section.5.1}{\376\377\116\072\116\300\116\110\146\057\000\040\000z\000f\000.\000r\000u\000n}{chapter.5}% 24
\BOOKMARK [1][-]{section.5.2}{\376\377\121\375\145\160\173\176\124\015\123\071\221\115}{chapter.5}% 25
\BOOKMARK [1][-]{section.5.3}{\376\377\000R\000u\000n\000S\000e\000s\000s\000i\000o\000n\000\040\121\205\220\350\147\072\122\066}{chapter.5}% 26
\BOOKMARK [1][-]{section.5.4}{\376\377\000A\000r\000r\000a\000y\000W\000a\000t\000c\000h\000e\000r\000\040\124\214\147\000\124\016\116\000\160\271\145\160\143\156}{chapter.5}% 27
\BOOKMARK [1][-]{section.5.5}{\376\377\000r\000u\000n\000\040\123\302\145\160\176\304\176\307}{chapter.5}% 28
\BOOKMARK [1][-]{section.5.6}{\376\377\217\336\176\355\000\040\000m\000o\000n\000i\000t\000o\000r}{chapter.5}% 29
\BOOKMARK [0][-]{chapter.6}{\376\377\000H\000i\000s\000t\000o\000g\000r\000a\000m\000\040\124\214\226\010\120\074\122\044\122\053}{}% 30
\BOOKMARK [1][-]{section.6.1}{\376\377\123\314\134\360\142\337\124\010\124\214\000\040\000t\000h\000r\000e\000s\000h\000o\000l\000d}{chapter.6}% 31
\BOOKMARK [1][-]{section.6.2}{\376\377\123\314\134\360\000\040\000G\000a\000u\000s\000s\000i\000a\000n\000\040\142\337\124\010\176\306\202\202}{chapter.6}% 32
\BOOKMARK [0][-]{chapter.7}{\376\377\000S\000e\000l\000e\000c\000t\000o\000r\000\040\116\016\000\040\000D\000a\000t\000a\000F\000i\000g\000u\000r\000e}{}% 33
\BOOKMARK [1][-]{section.7.1}{\376\377\116\244\116\222\135\345\121\167}{chapter.7}% 34
\BOOKMARK [1][-]{section.7.2}{\376\377\000s\000e\000l\000e\000c\000t\000o\000r\000\040\162\266\140\001\152\041\127\213}{chapter.7}% 35
\BOOKMARK [1][-]{section.7.3}{\376\377\142\337\124\010\116\016\117\335\133\130}{chapter.7}% 36
\BOOKMARK [1][-]{section.7.4}{\376\377\000D\000a\000t\000a\000F\000i\000g\000u\000r\000e\000\040\142\337\124\010\155\101\172\013}{chapter.7}% 37
\BOOKMARK [0][-]{chapter.8}{\376\377\000P\000D\000F\000\040\000n\000o\000t\000e\000s\000\040\143\245\123\343}{}% 38
\BOOKMARK [1][-]{section.8.1}{\376\377\165\037\142\020\201\352\133\232\116\111\000\040\000n\000o\000t\000e\000s}{chapter.8}% 39
\BOOKMARK [1][-]{section.8.2}{\376\377\000n\000o\000t\000e\000s\000\040\165\037\142\020\173\241\176\277}{chapter.8}% 40
\BOOKMARK [1][-]{section.8.3}{\376\377\165\037\142\020\000\040\000f\000r\000o\000n\000t\000e\000n\000d\000\040\000m\000a\000n\000u\000a\000l}{chapter.8}% 41
\BOOKMARK [0][-]{chapter.9}{\376\377\214\003\213\325\116\016\142\151\134\125}{}% 42
\BOOKMARK [1][-]{section.9.1}{\376\377\136\070\211\301\225\356\230\230\133\232\117\115}{chapter.9}% 43
\BOOKMARK [1][-]{section.9.2}{\376\377\116\345\124\016\143\245\000\040\000P\000y\000Q\000t\000\040\166\204\121\163\225\056\146\377\143\142\160\271}{chapter.9}% 44
\BOOKMARK [1][-]{section.9.3}{\376\377\145\260\130\236\000\040\000p\000l\000o\000t\000\040\174\173\127\213}{chapter.9}% 45
\BOOKMARK [1][-]{section.9.4}{\376\377\176\364\142\244\123\237\122\031}{chapter.9}% 46
