\BOOKMARK [0][-]{chapter.1}{\376\377\217\331\162\110\211\201\211\343\121\263\116\300\116\110}{}% 1
\BOOKMARK [1][-]{section.1.1}{\376\377\121\110\215\321\220\032\116\000\147\141\167\037\133\236\133\236\232\214\117\032\165\050\166\204\176\277}{chapter.1}% 2
\BOOKMARK [1][-]{section.1.2}{\376\377\150\070\137\303\123\237\122\031}{chapter.1}% 3
\BOOKMARK [0][-]{chapter.2}{\376\377\152\041\127\127\124\214\133\371\214\141\121\163\174\373}{}% 4
\BOOKMARK [1][-]{section.2.1}{\376\377\145\260\166\204\000\040\000p\000a\000c\000k\000a\000g\000e\000\040\000t\000r\000e\000e}{chapter.2}% 5
\BOOKMARK [1][-]{section.2.2}{\376\377\117\235\215\126\145\271\124\021}{chapter.2}% 6
\BOOKMARK [1][-]{section.2.3}{\376\377\116\072\116\300\116\110\000\040\000c\000a\000m\000e\000r\000a\000\040\146\057\000\040\000d\000e\000v\000i\000c\000e}{chapter.2}% 7
\BOOKMARK [1][-]{section.2.4}{\376\377\116\072\116\300\116\110\000\040\000r\000e\000a\000d\000o\000u\000t\000\040\146\057\116\000\116\052\000\040\000s\000u\000b\000s\000y\000s\000t\000e\000m}{chapter.2}% 8
\BOOKMARK [1][-]{section.2.5}{\376\377\000s\000e\000s\000s\000i\000o\000n\000\040\166\204\200\114\215\043\217\271\165\114}{chapter.2}% 9
\BOOKMARK [1][-]{section.2.6}{\376\377\145\207\116\366\217\271\165\114}{chapter.2}% 10
\BOOKMARK [1][-]{section.2.7}{\376\377\000d\000e\000v\000i\000c\000e\000\040\000c\000o\000n\000t\000r\000a\000c\000t}{chapter.2}% 11
\BOOKMARK [1][-]{section.2.8}{\376\377\000s\000e\000s\000s\000i\000o\000n\000\040\221\314\227\142\147\011\116\300\116\110}{chapter.2}% 12
\BOOKMARK [1][-]{section.2.9}{\376\377\000s\000t\000a\000n\000d\000a\000l\000o\000n\000e\000\040\173\227\154\325\121\145\123\343}{chapter.2}% 13
\BOOKMARK [1][-]{section.2.10}{\376\377\000R\000e\000s\000u\000l\000t\000\040\000o\000b\000j\000e\000c\000t\000\040\124\214\000\040\000s\000u\000m\000m\000a\000r\000y\000\050\000\051}{chapter.2}% 14
\BOOKMARK [0][-]{chapter.3}{\376\377\000F\000r\000o\000n\000t\000e\000n\000d\000\040\146\364\145\260}{}% 15
\BOOKMARK [1][-]{section.3.1}{\376\377\176\337\116\000\000\040\000p\000l\000o\000t\000\040\131\121\176\246}{chapter.3}% 16
\BOOKMARK [1][-]{section.3.2}{\376\377\150\007\230\230}{chapter.3}% 17
\BOOKMARK [1][-]{section.3.3}{\376\377\000P\000u\000l\000s\000e\000\040\000s\000e\000q\000u\000e\000n\000c\000e\000\040\126\376}{chapter.3}% 18
\BOOKMARK [1][-]{section.3.4}{\376\377\0002\000D\000\040\126\376\117\335\143\001\000\040\000s\000q\000u\000a\000r\000e\000\040\121\154\137\000\143\245\123\343}{chapter.3}% 19
\BOOKMARK [0][-]{chapter.4}{\376\377\000D\000e\000v\000i\000c\000e\000\040\221\115\177\156\116\016\000\040\000v\000i\000r\000t\000u\000a\000l\000\040\000c\000a\000m\000e\000r\000a}{}% 20
\BOOKMARK [1][-]{section.4.1}{\376\377\147\000\134\017\000\040\000d\000e\000v\000i\000c\000e\000\040\000g\000r\000a\000p\000h}{chapter.4}% 21
\BOOKMARK [1][-]{section.4.2}{\376\377\000q\000C\000M\000O\000S\000-\000l\000i\000k\000e\000\040\000s\000i\000m\000u\000l\000a\000t\000i\000o\000n}{chapter.4}% 22
\BOOKMARK [0][-]{chapter.5}{\376\377\000T\000i\000m\000i\000n\000g\060\001\000p\000r\000e\000f\000l\000i\000g\000h\000t\000\040\124\214\000\040\000V\000e\000r\000i\000l\000o\000g}{}% 23
\BOOKMARK [1][-]{section.5.1}{\376\377\000P\000u\000l\000s\000e\000S\000e\000q\000u\000e\000n\000c\000e\000\040\166\204\117\134\165\050}{chapter.5}% 24
\BOOKMARK [1][-]{section.5.2}{\376\377\000p\000r\000e\000f\000l\000i\000g\000h\000t\000\040\150\300\147\345}{chapter.5}% 25
\BOOKMARK [1][-]{section.5.3}{\376\377\000V\000e\000r\000i\000l\000o\000g\000\040\165\037\142\020}{chapter.5}% 26
\BOOKMARK [0][-]{chapter.6}{\376\377\000C\000a\000m\000e\000r\000a\000\040\000c\000a\000p\000t\000u\000r\000e}{}% 27
\BOOKMARK [1][-]{section.6.1}{\376\377\143\250\203\120\214\003\165\050}{chapter.6}% 28
\BOOKMARK [1][-]{section.6.2}{\376\377\000C\000a\000p\000t\000u\000r\000e\000R\000e\000s\000u\000l\000t}{chapter.6}% 29
\BOOKMARK [0][-]{chapter.7}{\376\377\000S\000i\000t\000e\000m\000a\000p\000\040\000c\000a\000l\000i\000b\000r\000a\000t\000i\000o\000n}{}% 30
\BOOKMARK [1][-]{section.7.1}{\376\377\143\250\203\120\214\003\165\050}{chapter.7}% 31
\BOOKMARK [1][-]{section.7.2}{\376\377\136\070\211\301\225\031\213\357}{chapter.7}% 32
\BOOKMARK [0][-]{chapter.8}{\376\377\000T\000h\000r\000e\000s\000h\000o\000l\000d\000\040\000c\000a\000l\000i\000b\000r\000a\000t\000i\000o\000n}{}% 33
\BOOKMARK [1][-]{section.8.1}{\376\377\143\250\203\120\214\003\165\050}{chapter.8}% 34
\BOOKMARK [1][-]{section.8.2}{\376\377\116\072\116\300\116\110\116\015\200\375\165\050\000\040\000s\000i\000m\000u\000l\000a\000t\000o\000r\000\040\000t\000r\000u\000t\000h\000\040\150\007\133\232}{chapter.8}% 35
\BOOKMARK [0][-]{chapter.9}{\376\377\000D\000e\000t\000e\000c\000t\000\040\000o\000c\000c\000u\000p\000a\000n\000c\000y}{}% 36
\BOOKMARK [1][-]{section.9.1}{\376\377\143\250\203\120\214\003\165\050}{chapter.9}% 37
\BOOKMARK [1][-]{section.9.2}{\376\377\126\376\120\317\213\276\213\241}{chapter.9}% 38
\BOOKMARK [0][-]{chapter.10}{\376\377\000D\000e\000t\000e\000c\000t\000i\000o\000n\000-\000t\000i\000m\000e\000\040\000f\000i\000d\000e\000l\000i\000t\000y\000\040\000s\000c\000a\000n}{}% 39
\BOOKMARK [1][-]{section.10.1}{\376\377\143\250\203\120\214\003\165\050}{chapter.10}% 40
\BOOKMARK [1][-]{section.10.2}{\376\377\116\055\145\255\000\040\000l\000i\000v\000e\000\040\000s\000c\000a\000n\377\032\116\000\116\052\133\371\131\026\000\040\000s\000t\000o\000p}{chapter.10}% 41
\BOOKMARK [1][-]{section.10.3}{\376\377\165\050\000\040\000s\000c\000a\000n\000.\000d\000a\000t\000a\000\137\000f\000i\000g\000u\000r\000e\000\040\120\132\000\040\000d\000e\000c\000a\000y\000\040\000f\000i\000t}{chapter.10}% 42
\BOOKMARK [1][-]{section.10.4}{\376\377\000r\000e\000f\000e\000r\000e\000n\000c\000e\000\040\000e\000x\000p\000o\000s\000u\000r\000e\000\040\166\204\211\322\202\162}{chapter.10}% 43
\BOOKMARK [0][-]{chapter.11}{\376\377\117\335\133\130\217\223\121\372}{}% 44
\BOOKMARK [1][-]{section.11.1}{\376\377\000c\000a\000l\000i\000b\000r\000a\000t\000i\000o\000n\060\001\000s\000t\000a\000t\000u\000s\060\001\000V\000e\000r\000i\000l\000o\000g}{chapter.11}% 45
\BOOKMARK [0][-]{chapter.12}{\376\377\116\345\124\016\122\240\122\237\200\375\136\224\213\345\145\076\124\352\221\314}{}% 46
\BOOKMARK [1][-]{section.12.1}{\376\377\122\240\167\037\133\236\000\040\000c\000a\000m\000e\000r\000a}{chapter.12}% 47
\BOOKMARK [1][-]{section.12.2}{\376\377\122\240\145\260\166\204\126\376\120\317\173\227\154\325}{chapter.12}% 48
\BOOKMARK [1][-]{section.12.3}{\376\377\122\240\145\260\166\204\133\236\232\214\122\250\117\134}{chapter.12}% 49
\BOOKMARK [1][-]{section.12.4}{\376\377\122\240\145\260\166\204\170\154\116\366\211\322\202\162}{chapter.12}% 50
\BOOKMARK [1][-]{section.12.5}{\376\377\122\240\000\040\000G\000U\000I}{chapter.12}% 51
\BOOKMARK [0][-]{chapter.13}{\376\377\116\013\116\000\153\145\142\151\134\125\213\241\122\022}{}% 52
\BOOKMARK [1][-]{section.13.1}{\376\377\167\037\133\236\000\040\000q\000C\000M\000O\000S}{chapter.13}% 53
\BOOKMARK [1][-]{section.13.2}{\376\377\000s\000e\000q\000u\000e\000n\000c\000e\000r\000\040\124\214\000\040\000a\000d\000d\000r\000e\000s\000s\000-\000s\000w\000i\000t\000c\000h}{chapter.13}% 54
\BOOKMARK [1][-]{section.13.3}{\376\377\000r\000e\000a\000r\000r\000a\000n\000g\000e\000m\000e\000n\000t\000\040\124\214\000\040\000G\000U\000I}{chapter.13}% 55
