\BOOKMARK [0][-]{chapter.1}{\376\377\166\356\150\007\124\214\217\271\165\114}{}% 1
\BOOKMARK [1][-]{section.1.1}{\376\377\217\331\162\110\121\110\215\321\220\032\116\300\116\110}{chapter.1}% 2
\BOOKMARK [1][-]{section.1.2}{\376\377\137\123\122\115\142\177\213\372\124\214\146\202\145\366\116\015\142\177\213\372\166\204\220\350\122\006}{chapter.1}% 3
\BOOKMARK [1][-]{section.1.3}{\376\377\116\015\211\201\213\251\000\040\000n\000o\000t\000e\000b\000o\000o\000k\000\040\123\330\142\020\124\175\116\344\210\114}{chapter.1}% 4
\BOOKMARK [0][-]{chapter.2}{\376\377\133\371\214\141\152\041\127\213}{}% 5
\BOOKMARK [1][-]{section.2.1}{\376\377\116\011\134\102\217\271\165\114}{chapter.2}% 6
\BOOKMARK [1][-]{section.2.2}{\376\377\116\072\116\300\116\110\000\040\000c\000a\000p\000t\000u\000r\000e\000\040\134\136\116\216\000\040\000c\000a\000m\000e\000r\000a}{chapter.2}% 7
\BOOKMARK [1][-]{section.2.3}{\376\377\116\072\116\300\116\110\000\040\000r\000e\000a\000d\000o\000u\000t\000\040\146\057\000\040\000s\000u\000b\000s\000y\000s\000t\000e\000m}{chapter.2}% 8
\BOOKMARK [1][-]{section.2.4}{\376\377\000s\000t\000a\000n\000d\000a\000l\000o\000n\000e\000\040\000o\000p\000e\000r\000a\000t\000i\000o\000n\000s\000\040\166\204\117\115\177\156}{chapter.2}% 9
\BOOKMARK [1][-]{section.2.5}{\376\377\000r\000e\000s\000u\000l\000t\000\040\000o\000b\000j\000e\000c\000t\000\040\124\214\000\040\000s\000u\000m\000m\000a\000r\000y}{chapter.2}% 10
\BOOKMARK [0][-]{chapter.3}{\376\377\145\366\136\217\124\214\211\346\123\321}{}% 11
\BOOKMARK [1][-]{section.3.1}{\376\377\000P\000u\000l\000s\000e\000S\000e\000q\000u\000e\000n\000c\000e\000\040\146\057\125\057\116\000\145\366\136\217\156\220}{chapter.3}% 12
\BOOKMARK [1][-]{section.3.2}{\376\377\131\032\136\047\000\040\000a\000c\000q\000u\000i\000s\000i\000t\000i\000o\000n\000\040\166\204\211\346\123\321\211\304\122\031}{chapter.3}% 13
\BOOKMARK [1][-]{section.3.3}{\376\377\000p\000r\000e\000f\000l\000i\000g\000h\000t\000\040\166\204\141\017\116\111}{chapter.3}% 14
\BOOKMARK [1][-]{section.3.4}{\376\377\000V\000e\000r\000i\000l\000o\000g\000\040\124\214\000\040\000r\000u\000n\000t\000i\000m\000e\000\040\000e\000d\000g\000e\000\040\000t\000a\000b\000l\000e}{chapter.3}% 15
\BOOKMARK [0][-]{chapter.4}{\376\377\167\037\133\236\170\154\116\366\123\314\000\040\000P\000C\000\040\147\266\147\204}{}% 16
\BOOKMARK [1][-]{section.4.1}{\376\377\116\044\123\360\147\072\126\150\166\204\200\114\215\043}{chapter.4}% 17
\BOOKMARK [1][-]{section.4.2}{\376\377\000M\000a\000n\000u\000a\000l\000S\000e\000q\000u\000e\000n\000c\000e\000r\000\040\166\204\165\050\220\024}{chapter.4}% 18
\BOOKMARK [1][-]{section.4.3}{\376\377\000R\000e\000m\000o\000t\000e\000S\000e\000q\000u\000e\000n\000c\000e\000r\000\040\166\204\165\050\220\024}{chapter.4}% 19
\BOOKMARK [1][-]{section.4.4}{\376\377\000V\000e\000r\000i\000l\000o\000g\000/\000F\000P\000G\000A\000\040\165\065\201\021\116\012\215\321\116\300\116\110}{chapter.4}% 20
\BOOKMARK [1][-]{section.4.5}{\376\377\167\037\133\236\221\115\177\156\152\041\147\177}{chapter.4}% 21
\BOOKMARK [0][-]{chapter.5}{\376\377\221\115\177\156\145\207\116\366\220\020\230\171\211\343\221\312}{}% 22
\BOOKMARK [1][-]{section.5.1}{\376\377\000d\000e\000v\000i\000c\000e\000\040\000g\000r\000a\000p\000h\000\040\166\204\211\343\147\220\145\271\137\017}{chapter.5}% 23
\BOOKMARK [1][-]{section.5.2}{\376\377\000Q\000C\000M\000O\000S\000C\000a\000m\000e\000r\000a\000\040\221\115\177\156}{chapter.5}% 24
\BOOKMARK [1][-]{section.5.3}{\376\377\000M\000a\000n\000u\000a\000l\000S\000e\000q\000u\000e\000n\000c\000e\000r\000\040\221\115\177\156}{chapter.5}% 25
\BOOKMARK [1][-]{section.5.4}{\376\377\000R\000e\000m\000o\000t\000e\000S\000e\000q\000u\000e\000n\000c\000e\000r\000\040\221\115\177\156}{chapter.5}% 26
\BOOKMARK [0][-]{chapter.6}{\376\377\000A\000c\000q\000u\000i\000s\000i\000t\000i\000o\000n\000\040\165\037\124\175\124\150\147\037}{}% 27
\BOOKMARK [1][-]{section.6.1}{\376\377\133\214\145\164\230\172\136\217}{chapter.6}% 28
\BOOKMARK [1][-]{section.6.2}{\376\377\116\072\116\300\116\110\000\040\000p\000r\000e\000p\000a\000r\000e\000\040\127\050\000\040\000c\000a\000m\000e\000r\000a\000\040\000a\000r\000m\000\040\122\115}{chapter.6}% 29
\BOOKMARK [1][-]{section.6.3}{\376\377\116\072\116\300\116\110\000\040\000w\000a\000i\000t\000\040\000d\000o\000n\000e\000\040\127\050\213\373\133\214\000\040\000f\000r\000a\000m\000e\000\040\124\016}{chapter.6}% 30
\BOOKMARK [1][-]{section.6.4}{\376\377\137\002\136\070\215\357\137\204}{chapter.6}% 31
\BOOKMARK [1][-]{section.6.5}{\376\377\153\317\116\000\134\102\213\345\213\260\137\125\116\300\116\110}{chapter.6}% 32
\BOOKMARK [0][-]{chapter.7}{\376\377\000R\000e\000a\000d\000o\000u\000t\000\040\173\227\154\325\176\306\202\202}{}% 33
\BOOKMARK [1][-]{section.7.1}{\376\377\000s\000i\000t\000e\000\040\000f\000i\000n\000d\000i\000n\000g}{chapter.7}% 34
\BOOKMARK [1][-]{section.7.2}{\376\377\000R\000O\000I\000\040\000c\000o\000u\000n\000t\000s}{chapter.7}% 35
\BOOKMARK [1][-]{section.7.3}{\376\377\000t\000h\000r\000e\000s\000h\000o\000l\000d\000\040\124\214\000\040\000f\000i\000d\000e\000l\000i\000t\000y}{chapter.7}% 36
\BOOKMARK [1][-]{section.7.4}{\376\377\000d\000e\000t\000e\000c\000t\000i\000o\000n\000-\000t\000i\000m\000e\000\040\000s\000c\000a\000n\000\040\166\204\123\302\200\003\126\376\120\317}{chapter.7}% 37
\BOOKMARK [0][-]{chapter.8}{\376\377\167\037\133\236\147\072\126\150\217\301\171\373\156\005\123\125}{}% 38
\BOOKMARK [1][-]{section.8.1}{\376\377\226\066\153\265\000\040\0000\000:\000\040\171\273\176\277\000\040\000s\000m\000o\000k\000e\000\040\000t\000e\000s\000t\000\040\123\352\215\321\000\040\000v\000i\000r\000t\000u\000a\000l\000\040\000t\000u\000t\000o\000r\000i\000a\000l}{chapter.8}% 39
\BOOKMARK [1][-]{section.8.2}{\376\377\226\066\153\265\000\040\0001\000:\000\040\000V\000e\000r\000i\000l\000o\000g\000/\000F\000P\000G\000A\000\040\165\065\201\021\124\057\122\250\000\040\000s\000e\000r\000v\000e\000r}{chapter.8}% 40
\BOOKMARK [1][-]{section.8.3}{\376\377\226\066\153\265\000\040\0002\000:\000\040\000c\000o\000n\000t\000r\000o\000l\000\040\165\065\201\021\000\040\000r\000e\000a\000l\000\040\000c\000o\000n\000f\000i\000g\000\040\000d\000r\000y\000-\000r\000u\000n}{chapter.8}% 41
\BOOKMARK [1][-]{section.8.4}{\376\377\226\066\153\265\000\040\0003\000:\000\040\000m\000a\000n\000u\000a\000l\000\040\000f\000i\000r\000s\000t\000-\000l\000i\000g\000h\000t}{chapter.8}% 42
\BOOKMARK [1][-]{section.8.5}{\376\377\226\066\153\265\000\040\0004\000:\000\040\000r\000e\000m\000o\000t\000e\000\040\000s\000e\000r\000v\000i\000c\000e\000\040\000f\000i\000r\000s\000t\000-\000l\000i\000g\000h\000t}{chapter.8}% 43
\BOOKMARK [1][-]{section.8.6}{\376\377\226\066\153\265\000\040\0005\000:\000\040\000r\000e\000a\000d\000o\000u\000t\000\040\000c\000a\000l\000i\000b\000r\000a\000t\000i\000o\000n}{chapter.8}% 44
\BOOKMARK [0][-]{chapter.9}{\376\377\143\247\122\066\165\065\201\021\000\040\000J\000u\000p\000y\000t\000e\000r\000\040\144\315\117\134\155\101\172\013}{}% 45
\BOOKMARK [1][-]{section.9.1}{\376\377\150\300\147\345\221\115\177\156\124\214\000\040\000A\000P\000I}{chapter.9}% 46
\BOOKMARK [1][-]{section.9.2}{\376\377\217\336\143\245\167\037\133\236\000\040\000h\000a\000r\000d\000w\000a\000r\000e\000\040\000s\000e\000s\000s\000i\000o\000n}{chapter.9}% 47
\BOOKMARK [1][-]{section.9.3}{\376\377\142\315\000\040\000r\000a\000w\000\040\000i\000m\000a\000g\000e}{chapter.9}% 48
\BOOKMARK [1][-]{section.9.4}{\376\377\150\041\121\306\000\040\000s\000i\000t\000e\000m\000a\000p}{chapter.9}% 49
\BOOKMARK [1][-]{section.9.5}{\376\377\150\041\121\306\000\040\000t\000h\000r\000e\000s\000h\000o\000l\000d\000s}{chapter.9}% 50
\BOOKMARK [1][-]{section.9.6}{\376\377\123\125\153\041\000\040\000d\000e\000t\000e\000c\000t}{chapter.9}% 51
\BOOKMARK [1][-]{section.9.7}{\376\377\000s\000c\000a\000n\000\040\000d\000e\000t\000e\000c\000t\000i\000o\000n\000\040\000t\000i\000m\000e}{chapter.9}% 52
\BOOKMARK [0][-]{chapter.10}{\376\377\167\037\133\236\147\072\126\150\116\012\166\204\142\147\210\114\230\172\136\217}{}% 53
\BOOKMARK [1][-]{section.10.1}{\376\377\000f\000i\000r\000s\000t\000-\000l\000i\000g\000h\000t\000\040\142\113\122\250\211\346\123\321}{chapter.10}% 54
\BOOKMARK [1][-]{section.10.2}{\376\377\000r\000e\000m\000o\000t\000e\000\040\201\352\122\250\211\346\123\321}{chapter.10}% 55
\BOOKMARK [1][-]{section.10.3}{\376\377\116\015\211\201\142\212\145\160\143\156\221\307\226\306\121\231\142\020\165\050\142\067\176\277\172\013}{chapter.10}% 56
\BOOKMARK [0][-]{chapter.11}{\376\377\136\070\211\301\225\356\230\230\124\214\143\222\147\345}{}% 57
\BOOKMARK [1][-]{section.11.1}{\376\377\000M\000o\000d\000u\000l\000e\000N\000o\000t\000F\000o\000u\000n\000d\000E\000r\000r\000o\000r}{chapter.11}% 58
\BOOKMARK [1][-]{section.11.2}{\376\377\000c\000a\000p\000t\000u\000r\000e\000\040\126\376\116\012\121\372\163\260\000\040\000s\000i\000t\000e\000\040\127\010}{chapter.11}% 59
\BOOKMARK [1][-]{section.11.3}{\376\377\131\032\136\047\167\037\133\236\221\307\226\306\134\021\136\047\142\026\000\040\000t\000i\000m\000e\000o\000u\000t}{chapter.11}% 60
\BOOKMARK [1][-]{section.11.4}{\376\377\000d\000e\000t\000e\000c\000t\000i\000o\000n\000-\000t\000i\000m\000e\000\040\000f\000i\000d\000e\000l\000i\000t\000y\000\040\226\217\145\366\225\364\123\330\225\177\123\315\200\014\116\013\226\115}{chapter.11}% 61
\BOOKMARK [1][-]{section.11.5}{\376\377\000P\000y\000Q\000t\000\040\116\073\176\277\172\013\124\214\124\016\123\360\221\307\226\306}{chapter.11}% 62
\BOOKMARK [0][-]{chapter.12}{\376\377\116\013\116\000\153\145\142\151\134\125\213\241\122\022}{}% 63
\BOOKMARK [1][-]{section.12.1}{\376\377\000d\000e\000v\000i\000c\000e\000\040\134\102}{chapter.12}% 64
\BOOKMARK [1][-]{section.12.2}{\376\377\000t\000i\000m\000i\000n\000g\000\040\134\102}{chapter.12}% 65
\BOOKMARK [1][-]{section.12.3}{\376\377\000r\000e\000a\000d\000o\000u\000t\000\040\134\102}{chapter.12}% 66
\BOOKMARK [1][-]{section.12.4}{\376\377\000f\000r\000o\000n\000t\000e\000n\000d\000\040\124\214\000\040\000G\000U\000I\000\040\134\102}{chapter.12}% 67
