This is XeTeX, Version 3.141592653-2.6-0.999997 (TeX Live 2025) (preloaded format=xelatex)
 restricted \write18 enabled.
entering extended mode
(./2d_rearrangement_tutorial_zh.tex
LaTeX2e <2025-11-01>
L3 programming layer <2026-01-19>
(c:/texlive/2025/texmf-dist/tex/latex/base/book.cls
Document Class: book 2025/01/22 v1.4n Standard LaTeX document class
(c:/texlive/2025/texmf-dist/tex/latex/base/bk11.clo)) (./zlc_frontend_notes.sty
(c:/texlive/2025/texmf-dist/tex/generic/iftex/iftex.sty)
(c:/texlive/2025/texmf-dist/tex/latex/geometry/geometry.sty
(c:/texlive/2025/texmf-dist/tex/latex/graphics/keyval.sty)
(c:/texlive/2025/texmf-dist/tex/generic/iftex/ifvtex.sty))
(c:/texlive/2025/texmf-dist/tex/latex/fontspec/fontspec.sty
(c:/texlive/2025/texmf-dist/tex/latex/l3packages/xparse/xparse.sty
(c:/texlive/2025/texmf-dist/tex/latex/l3kernel/expl3.sty
(c:/texlive/2025/texmf-dist/tex/latex/l3backend/l3backend-xetex.def)))
(c:/texlive/2025/texmf-dist/tex/latex/fontspec/fontspec-xetex.sty
(c:/texlive/2025/texmf-dist/tex/latex/base/fontenc.sty)
(c:/texlive/2025/texmf-dist/tex/latex/fontspec/fontspec.cfg)))
(c:/texlive/2025/texmf-dist/tex/xelatex/xecjk/xeCJK.sty
(c:/texlive/2025/texmf-dist/tex/latex/ctex/ctexhook.sty)
(c:/texlive/2025/texmf-dist/tex/latex/l3packages/xtemplate/xtemplate.sty)
(c:/texlive/2025/texmf-dist/tex/xelatex/xecjk/xeCJK.cfg))
(c:/texlive/2025/texmf-dist/tex/latex/microtype/microtype.sty
(c:/texlive/2025/texmf-dist/tex/latex/etoolbox/etoolbox.sty)
(c:/texlive/2025/texmf-dist/tex/latex/microtype/microtype-xetex.def)
(c:/texlive/2025/texmf-dist/tex/latex/microtype/microtype.cfg))
(c:/texlive/2025/texmf-dist/tex/latex/amsmath/amsmath.sty
For additional information on amsmath, use the `?' option.
(c:/texlive/2025/texmf-dist/tex/latex/amsmath/amstext.sty
(c:/texlive/2025/texmf-dist/tex/latex/amsmath/amsgen.sty))
(c:/texlive/2025/texmf-dist/tex/latex/amsmath/amsbsy.sty)
(c:/texlive/2025/texmf-dist/tex/latex/amsmath/amsopn.sty))
(c:/texlive/2025/texmf-dist/tex/latex/amsfonts/amssymb.sty
(c:/texlive/2025/texmf-dist/tex/latex/amsfonts/amsfonts.sty))
(c:/texlive/2025/texmf-dist/tex/latex/mathtools/mathtools.sty
(c:/texlive/2025/texmf-dist/tex/latex/tools/calc.sty)
(c:/texlive/2025/texmf-dist/tex/latex/mathtools/mhsetup.sty))
(c:/texlive/2025/texmf-dist/tex/latex/tools/bm.sty)
(c:/texlive/2025/texmf-dist/tex/latex/graphics/graphicx.sty
(c:/texlive/2025/texmf-dist/tex/latex/graphics/graphics.sty
(c:/texlive/2025/texmf-dist/tex/latex/graphics/trig.sty)
(c:/texlive/2025/texmf-dist/tex/latex/graphics-cfg/graphics.cfg)
(c:/texlive/2025/texmf-dist/tex/latex/graphics-def/xetex.def)))
(c:/texlive/2025/texmf-dist/tex/latex/xcolor/xcolor.sty
(c:/texlive/2025/texmf-dist/tex/latex/graphics-cfg/color.cfg)
(c:/texlive/2025/texmf-dist/tex/latex/graphics/mathcolor.ltx))
(c:/texlive/2025/texmf-dist/tex/latex/titlesec/titlesec.sty)
(c:/texlive/2025/texmf-dist/tex/latex/titlesec/titletoc.sty)
(c:/texlive/2025/texmf-dist/tex/latex/fancyhdr/fancyhdr.sty)
(c:/texlive/2025/texmf-dist/tex/latex/marginnote/marginnote.sty)
(c:/texlive/2025/texmf-dist/tex/latex/marginfix/marginfix.sty)
==> First Aid for marginfix.sty applied!
(c:/texlive/2025/texmf-dist/tex/latex/ragged2e/ragged2e.sty)
(c:/texlive/2025/texmf-dist/tex/latex/needspace/needspace.sty)
(c:/texlive/2025/texmf-dist/tex/latex/booktabs/booktabs.sty)
(c:/texlive/2025/texmf-dist/tex/latex/tools/array.sty)
(c:/texlive/2025/texmf-dist/tex/latex/tools/tabularx.sty)
(c:/texlive/2025/texmf-dist/tex/latex/enumitem/enumitem.sty)
(c:/texlive/2025/texmf-dist/tex/latex/fvextra/fvextra.sty
(c:/texlive/2025/texmf-dist/tex/latex/fancyvrb/fancyvrb.sty)
(c:/texlive/2025/texmf-dist/tex/generic/pdftexcmds/pdftexcmds.sty
(c:/texlive/2025/texmf-dist/tex/generic/infwarerr/infwarerr.sty)
(c:/texlive/2025/texmf-dist/tex/generic/ltxcmds/ltxcmds.sty))
(c:/texlive/2025/texmf-dist/tex/latex/upquote/upquote.sty
(c:/texlive/2025/texmf-dist/tex/latex/base/textcomp.sty))
(c:/texlive/2025/texmf-dist/tex/latex/lineno/lineno.sty
(c:/texlive/2025/texmf-dist/tex/latex/kvoptions/kvoptions.sty
(c:/texlive/2025/texmf-dist/tex/latex/kvsetkeys/kvsetkeys.sty))))
(c:/texlive/2025/texmf-dist/tex/latex/tcolorbox/tcolorbox.sty
(c:/texlive/2025/texmf-dist/tex/latex/pgf/frontendlayer/tikz.sty
(c:/texlive/2025/texmf-dist/tex/latex/pgf/basiclayer/pgf.sty
(c:/texlive/2025/texmf-dist/tex/latex/pgf/utilities/pgfrcs.sty
(c:/texlive/2025/texmf-dist/tex/generic/pgf/utilities/pgfutil-common.tex)
(c:/texlive/2025/texmf-dist/tex/generic/pgf/utilities/pgfutil-latex.def)
(c:/texlive/2025/texmf-dist/tex/generic/pgf/utilities/pgfrcs.code.tex
(c:/texlive/2025/texmf-dist/tex/generic/pgf/pgf.revision.tex)))
(c:/texlive/2025/texmf-dist/tex/latex/pgf/basiclayer/pgfcore.sty
(c:/texlive/2025/texmf-dist/tex/latex/pgf/systemlayer/pgfsys.sty
(c:/texlive/2025/texmf-dist/tex/generic/pgf/systemlayer/pgfsys.code.tex
(c:/texlive/2025/texmf-dist/tex/generic/pgf/utilities/pgfkeys.code.tex
(c:/texlive/2025/texmf-dist/tex/generic/pgf/utilities/pgfkeyslibraryfiltered.co
de.tex)) (c:/texlive/2025/texmf-dist/tex/generic/pgf/systemlayer/pgf.cfg)
(c:/texlive/2025/texmf-dist/tex/generic/pgf/systemlayer/pgfsys-xetex.def
(c:/texlive/2025/texmf-dist/tex/generic/pgf/systemlayer/pgfsys-dvipdfmx.def
(c:/texlive/2025/texmf-dist/tex/generic/pgf/systemlayer/pgfsys-common-pdf.def))
))
(c:/texlive/2025/texmf-dist/tex/generic/pgf/systemlayer/pgfsyssoftpath.code.tex
)
(c:/texlive/2025/texmf-dist/tex/generic/pgf/systemlayer/pgfsysprotocol.code.tex
)) (c:/texlive/2025/texmf-dist/tex/generic/pgf/basiclayer/pgfcore.code.tex
(c:/texlive/2025/texmf-dist/tex/generic/pgf/math/pgfmath.code.tex
(c:/texlive/2025/texmf-dist/tex/generic/pgf/math/pgfmathutil.code.tex)
(c:/texlive/2025/texmf-dist/tex/generic/pgf/math/pgfmathparser.code.tex)
(c:/texlive/2025/texmf-dist/tex/generic/pgf/math/pgfmathfunctions.code.tex)
(c:/texlive/2025/texmf-dist/tex/generic/pgf/math/pgfmathfunctions.basic.code.te
x)
(c:/texlive/2025/texmf-dist/tex/generic/pgf/math/pgfmathfunctions.trigonometric
.code.tex)
(c:/texlive/2025/texmf-dist/tex/generic/pgf/math/pgfmathfunctions.random.code.t
ex)
(c:/texlive/2025/texmf-dist/tex/generic/pgf/math/pgfmathfunctions.comparison.co
de.tex)
(c:/texlive/2025/texmf-dist/tex/generic/pgf/math/pgfmathfunctions.base.code.tex
)
(c:/texlive/2025/texmf-dist/tex/generic/pgf/math/pgfmathfunctions.round.code.te
x)
(c:/texlive/2025/texmf-dist/tex/generic/pgf/math/pgfmathfunctions.misc.code.tex
)
(c:/texlive/2025/texmf-dist/tex/generic/pgf/math/pgfmathfunctions.integerarithm
etics.code.tex)
(c:/texlive/2025/texmf-dist/tex/generic/pgf/math/pgfmathcalc.code.tex)
(c:/texlive/2025/texmf-dist/tex/generic/pgf/math/pgfmathfloat.code.tex))
(c:/texlive/2025/texmf-dist/tex/generic/pgf/math/pgfint.code.tex)
(c:/texlive/2025/texmf-dist/tex/generic/pgf/basiclayer/pgfcorepoints.code.tex)
(c:/texlive/2025/texmf-dist/tex/generic/pgf/basiclayer/pgfcorepathconstruct.cod
e.tex)
(c:/texlive/2025/texmf-dist/tex/generic/pgf/basiclayer/pgfcorepathusage.code.te
x)
(c:/texlive/2025/texmf-dist/tex/generic/pgf/basiclayer/pgfcorescopes.code.tex)
(c:/texlive/2025/texmf-dist/tex/generic/pgf/basiclayer/pgfcoregraphicstate.code
.tex)
(c:/texlive/2025/texmf-dist/tex/generic/pgf/basiclayer/pgfcoretransformations.c
ode.tex)
(c:/texlive/2025/texmf-dist/tex/generic/pgf/basiclayer/pgfcorequick.code.tex)
(c:/texlive/2025/texmf-dist/tex/generic/pgf/basiclayer/pgfcoreobjects.code.tex)

(c:/texlive/2025/texmf-dist/tex/generic/pgf/basiclayer/pgfcorepathprocessing.co
de.tex)
(c:/texlive/2025/texmf-dist/tex/generic/pgf/basiclayer/pgfcorearrows.code.tex)
(c:/texlive/2025/texmf-dist/tex/generic/pgf/basiclayer/pgfcoreshade.code.tex)
(c:/texlive/2025/texmf-dist/tex/generic/pgf/basiclayer/pgfcoreimage.code.tex)
(c:/texlive/2025/texmf-dist/tex/generic/pgf/basiclayer/pgfcoreexternal.code.tex
) (c:/texlive/2025/texmf-dist/tex/generic/pgf/basiclayer/pgfcorelayers.code.tex
)
(c:/texlive/2025/texmf-dist/tex/generic/pgf/basiclayer/pgfcoretransparency.code
.tex)
(c:/texlive/2025/texmf-dist/tex/generic/pgf/basiclayer/pgfcorepatterns.code.tex
) (c:/texlive/2025/texmf-dist/tex/generic/pgf/basiclayer/pgfcorerdf.code.tex)))
 (c:/texlive/2025/texmf-dist/tex/generic/pgf/modules/pgfmoduleshapes.code.tex)
(c:/texlive/2025/texmf-dist/tex/generic/pgf/modules/pgfmoduleplot.code.tex)
(c:/texlive/2025/texmf-dist/tex/latex/pgf/compatibility/pgfcomp-version-0-65.st
y)
(c:/texlive/2025/texmf-dist/tex/latex/pgf/compatibility/pgfcomp-version-1-18.st
y)) (c:/texlive/2025/texmf-dist/tex/latex/pgf/utilities/pgffor.sty
(c:/texlive/2025/texmf-dist/tex/latex/pgf/utilities/pgfkeys.sty
(c:/texlive/2025/texmf-dist/tex/generic/pgf/utilities/pgfkeys.code.tex))
(c:/texlive/2025/texmf-dist/tex/latex/pgf/math/pgfmath.sty
(c:/texlive/2025/texmf-dist/tex/generic/pgf/math/pgfmath.code.tex))
(c:/texlive/2025/texmf-dist/tex/generic/pgf/utilities/pgffor.code.tex))
(c:/texlive/2025/texmf-dist/tex/generic/pgf/frontendlayer/tikz/tikz.code.tex
(c:/texlive/2025/texmf-dist/tex/generic/pgf/libraries/pgflibraryplothandlers.co
de.tex)
(c:/texlive/2025/texmf-dist/tex/generic/pgf/modules/pgfmodulematrix.code.tex)
(c:/texlive/2025/texmf-dist/tex/generic/pgf/frontendlayer/tikz/libraries/tikzli
brarytopaths.code.tex)))
(c:/texlive/2025/texmf-dist/tex/latex/tools/verbatim.sty)
(c:/texlive/2025/texmf-dist/tex/latex/environ/environ.sty
(c:/texlive/2025/texmf-dist/tex/latex/trimspaces/trimspaces.sty))
(c:/texlive/2025/texmf-dist/tex/latex/tcolorbox/tcbraster.code.tex
Library (tcolorbox): 'tcbraster.code.tex' version '6.9.0'
) (c:/texlive/2025/texmf-dist/tex/latex/tcolorbox/tcbskins.code.tex
Library (tcolorbox): 'tcbskins.code.tex' version '6.9.0'
(c:/texlive/2025/texmf-dist/tex/latex/tikzfill/tikzfill.image.sty
(c:/texlive/2025/texmf-dist/tex/latex/tikzfill/tikzfill-common.sty)
(c:/texlive/2025/texmf-dist/tex/latex/tikzfill/tikzlibraryfill.image.code.tex))
 (c:/texlive/2025/texmf-dist/tex/latex/tcolorbox/tcbskinsjigsaw.code.tex
Library (tcolorbox): 'tcbskinsjigsaw.code.tex' version '6.9.0'
)) (c:/texlive/2025/texmf-dist/tex/latex/tcolorbox/tcbbreakable.code.tex
Library (tcolorbox): 'tcbbreakable.code.tex' version '6.9.0'
(c:/texlive/2025/texmf-dist/tex/latex/pdfcol/pdfcol.sty))
(c:/texlive/2025/texmf-dist/tex/latex/tcolorbox/tcbhooks.code.tex
Library (tcolorbox): 'tcbhooks.code.tex' version '6.9.0'
) (c:/texlive/2025/texmf-dist/tex/latex/tcolorbox/tcbtheorems.code.tex
Library (tcolorbox): 'tcbtheorems.code.tex' version '6.9.0'
) (c:/texlive/2025/texmf-dist/tex/latex/tcolorbox/tcbfitting.code.tex
Library (tcolorbox): 'tcbfitting.code.tex' version '6.9.0'
) (c:/texlive/2025/texmf-dist/tex/latex/tcolorbox/tcblistingsutf8.code.tex
Library (tcolorbox): 'tcblistingsutf8.code.tex' version '6.9.0'
(c:/texlive/2025/texmf-dist/tex/latex/tcolorbox/tcblistings.code.tex
Library (tcolorbox): 'tcblistings.code.tex' version '6.9.0'
(c:/texlive/2025/texmf-dist/tex/latex/listings/listings.sty
(c:/texlive/2025/texmf-dist/tex/latex/listings/lstpatch.sty)
(c:/texlive/2025/texmf-dist/tex/latex/listings/lstmisc.sty)
(c:/texlive/2025/texmf-dist/tex/latex/listings/listings.cfg))
(c:/texlive/2025/texmf-dist/tex/xelatex/xecjk/xeCJK-listings.sty)
==> First Aid for listings.sty no longer applied!
    Expected:
        2024/09/23 1.10c (Carsten Heinz)
    but found:
        2025/11/14 1.11b (Carsten Heinz)
    so I'm assuming it got fixed.
(c:/texlive/2025/texmf-dist/tex/latex/tcolorbox/tcblistingscore.code.tex
Library (tcolorbox): 'tcblistingscore.code.tex' version '6.9.0'
(c:/texlive/2025/texmf-dist/tex/latex/tcolorbox/tcbprocessing.code.tex
Library (tcolorbox): 'tcbprocessing.code.tex' version '6.9.0'
)))) (c:/texlive/2025/texmf-dist/tex/latex/tcolorbox/tcbexternal.code.tex
Library (tcolorbox): 'tcbexternal.code.tex' version '6.9.0'
) (c:/texlive/2025/texmf-dist/tex/latex/tcolorbox/tcbmagazine.code.tex
Library (tcolorbox): 'tcbmagazine.code.tex' version '6.9.0'
) (c:/texlive/2025/texmf-dist/tex/latex/tcolorbox/tcbvignette.code.tex
Library (tcolorbox): 'tcbvignette.code.tex' version '6.9.0'

(c:/texlive/2025/texmf-dist/tex/generic/pgf/frontendlayer/tikz/libraries/tikzli
braryfadings.code.tex
(c:/texlive/2025/texmf-dist/tex/generic/pgf/libraries/pgflibraryfadings.code.te
x))) (c:/texlive/2025/texmf-dist/tex/latex/tcolorbox/tcbposter.code.tex
Library (tcolorbox): 'tcbposter.code.tex' version '6.9.0'
)) (c:/texlive/2025/texmf-dist/tex/latex/hyperref/hyperref.sty
(c:/texlive/2025/texmf-dist/tex/generic/kvdefinekeys/kvdefinekeys.sty)
(c:/texlive/2025/texmf-dist/tex/generic/pdfescape/pdfescape.sty)
(c:/texlive/2025/texmf-dist/tex/latex/hycolor/hycolor.sty)
(c:/texlive/2025/texmf-dist/tex/latex/hyperref/nameref.sty
(c:/texlive/2025/texmf-dist/tex/latex/refcount/refcount.sty)
(c:/texlive/2025/texmf-dist/tex/generic/gettitlestring/gettitlestring.sty))
(c:/texlive/2025/texmf-dist/tex/generic/stringenc/stringenc.sty)
(c:/texlive/2025/texmf-dist/tex/latex/hyperref/pd1enc.def)
(c:/texlive/2025/texmf-dist/tex/generic/intcalc/intcalc.sty)
(c:/texlive/2025/texmf-dist/tex/latex/hyperref/puenc.def)
(c:/texlive/2025/texmf-dist/tex/latex/url/url.sty)
(c:/texlive/2025/texmf-dist/tex/generic/bitset/bitset.sty
(c:/texlive/2025/texmf-dist/tex/generic/bigintcalc/bigintcalc.sty)))
(c:/texlive/2025/texmf-dist/tex/latex/hyperref/hxetex.def
(c:/texlive/2025/texmf-dist/tex/latex/rerunfilecheck/rerunfilecheck.sty
(c:/texlive/2025/texmf-dist/tex/generic/uniquecounter/uniquecounter.sty)))
(c:/texlive/2025/texmf-dist/tex/latex/jetbrainsmono-otf/jetbrainsmono.fontspec)
(c:/texlive/2025/texmf-dist/tex/latex/jetbrainsmono-otf/jetbrainsmono.fontspec)
(c:/texlive/2025/texmf-dist/tex/latex/jetbrainsmono-otf/jetbrainsmono.fontspec)
)
No file 2d_rearrangement_tutorial_zh.aux.
*geometry* driver: auto-detecting
*geometry* detected driver: xetex

Package microtype Warning: Unable to apply patch `footnote' on input line 4.

(c:/texlive/2025/texmf-dist/tex/latex/microtype/mt-Palatino.cfg)

Package hyperref Warning: Rerun to get /PageLabels entry.

[1]
No file 2d_rearrangement_tutorial_zh.toc.
[1]
Chapter 1.
[1] [2]
Chapter 2.
[3] (c:/texlive/2025/texmf-dist/tex/latex/amsfonts/umsa.fd)
(c:/texlive/2025/texmf-dist/tex/latex/microtype/mt-msa.cfg)
(c:/texlive/2025/texmf-dist/tex/latex/amsfonts/umsb.fd)
(c:/texlive/2025/texmf-dist/tex/latex/microtype/mt-msb.cfg)
(c:/texlive/2025/texmf-dist/tex/latex/microtype/mt-cmr.cfg)
Overfull \hbox (22.08209pt too wide) in paragraph at lines 96--97
[][]\TU/JetBrainsMono(0)/m/n/10.95 calculate_average_image[] \TU/MicrosoftYaHei
(0)/m/n/10.95 的 作 用 是 把 多 张 \TU/TeXGyrePagella(0)/m/n/10.95 loading \TU/Microso
ftYaHei(0)/m/n/10.95 图 叠 加 平 均，|  得 到 更 稳 定 的 \TU/TeXGyrePagella(0)/m/n/10.95 a
tom/fluorescence
[4]
Overfull \hbox (3.94368pt too wide) in paragraph at lines 117--118
[]\TU/MicrosoftYaHei(0)/m/n/10.95 然 后 用 \TU/TeXGyrePagella(0)/m/n/10.95 Basler 
\TU/MicrosoftYaHei(0)/m/n/10.95 长 曝 光 拍 静 态 阱，| \TU/TeXGyrePagella(0)/m/n/10.95
 crop\TU/MicrosoftYaHei(0)/m/n/10.95 、| \TU/TeXGyrePagella(0)/m/n/10.95 transpo
se\TU/MicrosoftYaHei(0)/m/n/10.95 ，|  再 调 用 []\TU/JetBrainsMono(0)/m/n/10.95 fi
nd_centers[] \TU/MicrosoftYaHei(0)/m/n/10.95 得 到 []\TU/JetBrainsMono(0)/m/n/10.
95 trap_centerlist[]\TU/MicrosoftYaHei(0)/m/n/10.95 。|
[5] [6] [7] [8]
Overfull \hbox (33.1187pt too wide) in paragraph at lines 254--255
[]\TU/MicrosoftYaHei(0)/m/n/10.95 这 个 设 计 方 向 是 对 的，|  但 原 实 现 仍 然 受 同 一 个 \TU/
TeXGyrePagella(0)/m/n/10.95 trigger \TU/MicrosoftYaHei(0)/m/n/10.95 同 步 问 题 限 制
。|  对 照 组 的 []\TU/JetBrainsMono(0)/m/n/10.95 time.sleep(ra_duration)[]
[9] [10]
Chapter 3.

Overfull \hbox (82.90578pt too wide) in paragraph at lines 279--280
[]\TU/MicrosoftYaHei(0)/m/n/10.95 设 置 []\TU/JetBrainsMono(0)/m/n/10.95 EXPOSURE
TIME[]\TU/MicrosoftYaHei(0)/m/n/10.95 、| []\TU/JetBrainsMono(0)/m/n/10.95 TRIGG
ERSOURCE=EXTERNAL[]\TU/MicrosoftYaHei(0)/m/n/10.95 、| []\TU/JetBrainsMono(0)/m/
n/10.95 TRIGGERACTIVE=EDGE[]\TU/MicrosoftYaHei(0)/m/n/10.95 、| []\TU/JetBrainsM
ono(0)/m/n/10.95 TRIGGERPOLARITY=POSITIVE[]
[11] [12] [13]
Chapter 4.
[14] [15]
Underfull \hbox (badness 10000) in paragraph at lines 393--394
[]\TU/MicrosoftYaHei(0)/m/n/10.95 设 置 \TU/TeXGyrePagella(0)/m/n/10.95 run \TU/M
icrosoftYaHei(0)/m/n/10.95 参 数：| []\TU/JetBrainsMono(0)/m/n/10.95 mot_lasting[]
\TU/MicrosoftYaHei(0)/m/n/10.95 、| []\TU/JetBrainsMono(0)/m/n/10.95 PGC_waiting
[]\TU/MicrosoftYaHei(0)/m/n/10.95 、| []\TU/JetBrainsMono(0)/m/n/10.95 PGC_lasti
ng[]\TU/MicrosoftYaHei(0)/m/n/10.95 、| []\TU/JetBrainsMono(0)/m/n/10.95 probe_w
aiting[]\TU/MicrosoftYaHei(0)/m/n/10.95 、|
[16]
Chapter 5.
[17]
Underfull \hbox (badness 3590) in paragraph at lines 458--459
[]\TU/MicrosoftYaHei(0)/m/n/10.95 把 一 次 实 验 拆 成 明 确 \TU/TeXGyrePagella(0)/m/n/1
0.95 shot stages\TU/MicrosoftYaHei(0)/m/n/10.95 ：| []\TU/JetBrainsMono(0)/m/n/1
0.95 load_and_before_image[]\TU/MicrosoftYaHei(0)/m/n/10.95 、| []\TU/JetBrainsM
ono(0)/m/n/10.95 aod_rearrange[]\TU/MicrosoftYaHei(0)/m/n/10.95 、|
[18]
Overfull \hbox (74.98409pt too wide) in paragraph at lines 479--480
[]\TU/MicrosoftYaHei(0)/m/n/10.95 修 复：|  所 有 \TU/TeXGyrePagella(0)/m/n/10.95 de
lay \TU/MicrosoftYaHei(0)/m/n/10.95 参 数 在 \TU/TeXGyrePagella(0)/m/n/10.95 Pytho
n/VIO \TU/MicrosoftYaHei(0)/m/n/10.95 设 置 前 做 \TU/TeXGyrePagella(0)/m/n/10.95 p
reflight\TU/MicrosoftYaHei(0)/m/n/10.95 ：| []\TU/JetBrainsMono(0)/m/n/10.95 pro
be_waiting >= probe_shutter_open_delay[]\TU/MicrosoftYaHei(0)/m/n/10.95 ，|
[19]
Underfull \hbox (badness 1297) in paragraph at lines 520--521
\TU/MicrosoftYaHei(0)/m/n/10.95 这 个 \TU/TeXGyrePagella(0)/m/n/10.95 notebook \T
U/MicrosoftYaHei(0)/m/n/10.95 中 多 次 重 定 义 []\TU/JetBrainsMono(0)/m/n/10.95 move
_caculate[]\TU/MicrosoftYaHei(0)/m/n/10.95 、| []\TU/JetBrainsMono(0)/m/n/10.95 
move_atom[] \TU/MicrosoftYaHei(0)/m/n/10.95 和 \TU/TeXGyrePagella(0)/m/n/10.95 p
lanner\TU/MicrosoftYaHei(0)/m/n/10.95 ；|  有 些 \TU/TeXGyrePagella(0)/m/n/10.95 c
ell \TU/MicrosoftYaHei(0)/m/n/10.95 依 赖
[20]
Chapter 6.

Overfull \hbox (13.19493pt too wide) in paragraph at lines 555--556
[]\TU/MicrosoftYaHei(0)/m/n/10.95 变 成 []\TU/JetBrainsMono(0)/m/n/10.95 ImageSta
ckExperiment[]\TU/MicrosoftYaHei(0)/m/n/10.95 、| []\TU/JetBrainsMono(0)/m/n/10.
95 find_trap_centers[]\TU/MicrosoftYaHei(0)/m/n/10.95 、| []\TU/JetBrainsMono(0)
/m/n/10.95 estimate_site_thresholds[]\TU/MicrosoftYaHei(0)/m/n/10.95 。| 
[21] [22]
Chapter 7.

Overfull \hbox (101.69334pt too wide) in paragraph at lines 587--588
[]
[23]
Underfull \hbox (badness 10000) in paragraph at lines 596--597
[]

Underfull \hbox (badness 1742) in paragraph at lines 597--598
[]\TU/MicrosoftYaHei(0)/m/n/10.95 单 轴 频 率 移 动 \TU/TeXGyrePagella(0)/m/n/10.95 p
rofile\TU/MicrosoftYaHei(0)/m/n/10.95 ，|  已 经 把

Underfull \hbox (badness 10000) in paragraph at lines 604--605
[]

Overfull \hbox (13.06479pt too wide) in paragraph at lines 605--606
[]\TU/MicrosoftYaHei(0)/m/n/10.95 先 \TU/TeXGyrePagella(0)/m/n/10.95 Hungarian m
atching\TU/MicrosoftYaHei(0)/m/n/10.95 ，|  再 \TU/TeXGyrePagella(0)/m/n/10.95 oc
cupancy-

Underfull \hbox (badness 10000) in paragraph at lines 606--607
[]
[24]
Chapter 8.
[25] [26] [27]
Chapter 9.
[28] [29]
Chapter 10.
[30] [31]
Chapter 11.
[32] (./2d_rearrangement_tutorial_zh.aux)

Package rerunfilecheck Warning: File `2d_rearrangement_tutorial_zh.out' has cha
nged.
(rerunfilecheck)                Rerun to get outlines right
(rerunfilecheck)                or use package `bookmark'.

 )
(see the transcript file for additional information)
Output written on 2d_rearrangement_tutorial_zh.pdf (34 pages).
Transcript written on 2d_rearrangement_tutorial_zh.log.

This is XeTeX, Version 3.141592653-2.6-0.999997 (TeX Live 2025) (preloaded format=xelatex)
 restricted \write18 enabled.
entering extended mode
(./2d_rearrangement_tutorial_zh.tex
LaTeX2e <2025-11-01>
L3 programming layer <2026-01-19>
(c:/texlive/2025/texmf-dist/tex/latex/base/book.cls
Document Class: book 2025/01/22 v1.4n Standard LaTeX document class
(c:/texlive/2025/texmf-dist/tex/latex/base/bk11.clo)) (./zlc_frontend_notes.sty
(c:/texlive/2025/texmf-dist/tex/generic/iftex/iftex.sty)
(c:/texlive/2025/texmf-dist/tex/latex/geometry/geometry.sty
(c:/texlive/2025/texmf-dist/tex/latex/graphics/keyval.sty)
(c:/texlive/2025/texmf-dist/tex/generic/iftex/ifvtex.sty))
(c:/texlive/2025/texmf-dist/tex/latex/fontspec/fontspec.sty
(c:/texlive/2025/texmf-dist/tex/latex/l3packages/xparse/xparse.sty
(c:/texlive/2025/texmf-dist/tex/latex/l3kernel/expl3.sty
(c:/texlive/2025/texmf-dist/tex/latex/l3backend/l3backend-xetex.def)))
(c:/texlive/2025/texmf-dist/tex/latex/fontspec/fontspec-xetex.sty
(c:/texlive/2025/texmf-dist/tex/latex/base/fontenc.sty)
(c:/texlive/2025/texmf-dist/tex/latex/fontspec/fontspec.cfg)))
(c:/texlive/2025/texmf-dist/tex/xelatex/xecjk/xeCJK.sty
(c:/texlive/2025/texmf-dist/tex/latex/ctex/ctexhook.sty)
(c:/texlive/2025/texmf-dist/tex/latex/l3packages/xtemplate/xtemplate.sty)
(c:/texlive/2025/texmf-dist/tex/xelatex/xecjk/xeCJK.cfg))
(c:/texlive/2025/texmf-dist/tex/latex/microtype/microtype.sty
(c:/texlive/2025/texmf-dist/tex/latex/etoolbox/etoolbox.sty)
(c:/texlive/2025/texmf-dist/tex/latex/microtype/microtype-xetex.def)
(c:/texlive/2025/texmf-dist/tex/latex/microtype/microtype.cfg))
(c:/texlive/2025/texmf-dist/tex/latex/amsmath/amsmath.sty
For additional information on amsmath, use the `?' option.
(c:/texlive/2025/texmf-dist/tex/latex/amsmath/amstext.sty
(c:/texlive/2025/texmf-dist/tex/latex/amsmath/amsgen.sty))
(c:/texlive/2025/texmf-dist/tex/latex/amsmath/amsbsy.sty)
(c:/texlive/2025/texmf-dist/tex/latex/amsmath/amsopn.sty))
(c:/texlive/2025/texmf-dist/tex/latex/amsfonts/amssymb.sty
(c:/texlive/2025/texmf-dist/tex/latex/amsfonts/amsfonts.sty))
(c:/texlive/2025/texmf-dist/tex/latex/mathtools/mathtools.sty
(c:/texlive/2025/texmf-dist/tex/latex/tools/calc.sty)
(c:/texlive/2025/texmf-dist/tex/latex/mathtools/mhsetup.sty))
(c:/texlive/2025/texmf-dist/tex/latex/tools/bm.sty)
(c:/texlive/2025/texmf-dist/tex/latex/graphics/graphicx.sty
(c:/texlive/2025/texmf-dist/tex/latex/graphics/graphics.sty
(c:/texlive/2025/texmf-dist/tex/latex/graphics/trig.sty)
(c:/texlive/2025/texmf-dist/tex/latex/graphics-cfg/graphics.cfg)
(c:/texlive/2025/texmf-dist/tex/latex/graphics-def/xetex.def)))
(c:/texlive/2025/texmf-dist/tex/latex/xcolor/xcolor.sty
(c:/texlive/2025/texmf-dist/tex/latex/graphics-cfg/color.cfg)
(c:/texlive/2025/texmf-dist/tex/latex/graphics/mathcolor.ltx))
(c:/texlive/2025/texmf-dist/tex/latex/titlesec/titlesec.sty)
(c:/texlive/2025/texmf-dist/tex/latex/titlesec/titletoc.sty)
(c:/texlive/2025/texmf-dist/tex/latex/fancyhdr/fancyhdr.sty)
(c:/texlive/2025/texmf-dist/tex/latex/marginnote/marginnote.sty)
(c:/texlive/2025/texmf-dist/tex/latex/marginfix/marginfix.sty)
==> First Aid for marginfix.sty applied!
(c:/texlive/2025/texmf-dist/tex/latex/ragged2e/ragged2e.sty)
(c:/texlive/2025/texmf-dist/tex/latex/needspace/needspace.sty)
(c:/texlive/2025/texmf-dist/tex/latex/booktabs/booktabs.sty)
(c:/texlive/2025/texmf-dist/tex/latex/tools/array.sty)
(c:/texlive/2025/texmf-dist/tex/latex/tools/tabularx.sty)
(c:/texlive/2025/texmf-dist/tex/latex/enumitem/enumitem.sty)
(c:/texlive/2025/texmf-dist/tex/latex/fvextra/fvextra.sty
(c:/texlive/2025/texmf-dist/tex/latex/fancyvrb/fancyvrb.sty)
(c:/texlive/2025/texmf-dist/tex/generic/pdftexcmds/pdftexcmds.sty
(c:/texlive/2025/texmf-dist/tex/generic/infwarerr/infwarerr.sty)
(c:/texlive/2025/texmf-dist/tex/generic/ltxcmds/ltxcmds.sty))
(c:/texlive/2025/texmf-dist/tex/latex/upquote/upquote.sty
(c:/texlive/2025/texmf-dist/tex/latex/base/textcomp.sty))
(c:/texlive/2025/texmf-dist/tex/latex/lineno/lineno.sty
(c:/texlive/2025/texmf-dist/tex/latex/kvoptions/kvoptions.sty
(c:/texlive/2025/texmf-dist/tex/latex/kvsetkeys/kvsetkeys.sty))))
(c:/texlive/2025/texmf-dist/tex/latex/tcolorbox/tcolorbox.sty
(c:/texlive/2025/texmf-dist/tex/latex/pgf/frontendlayer/tikz.sty
(c:/texlive/2025/texmf-dist/tex/latex/pgf/basiclayer/pgf.sty
(c:/texlive/2025/texmf-dist/tex/latex/pgf/utilities/pgfrcs.sty
(c:/texlive/2025/texmf-dist/tex/generic/pgf/utilities/pgfutil-common.tex)
(c:/texlive/2025/texmf-dist/tex/generic/pgf/utilities/pgfutil-latex.def)
(c:/texlive/2025/texmf-dist/tex/generic/pgf/utilities/pgfrcs.code.tex
(c:/texlive/2025/texmf-dist/tex/generic/pgf/pgf.revision.tex)))
(c:/texlive/2025/texmf-dist/tex/latex/pgf/basiclayer/pgfcore.sty
(c:/texlive/2025/texmf-dist/tex/latex/pgf/systemlayer/pgfsys.sty
(c:/texlive/2025/texmf-dist/tex/generic/pgf/systemlayer/pgfsys.code.tex
(c:/texlive/2025/texmf-dist/tex/generic/pgf/utilities/pgfkeys.code.tex
(c:/texlive/2025/texmf-dist/tex/generic/pgf/utilities/pgfkeyslibraryfiltered.co
de.tex)) (c:/texlive/2025/texmf-dist/tex/generic/pgf/systemlayer/pgf.cfg)
(c:/texlive/2025/texmf-dist/tex/generic/pgf/systemlayer/pgfsys-xetex.def
(c:/texlive/2025/texmf-dist/tex/generic/pgf/systemlayer/pgfsys-dvipdfmx.def
(c:/texlive/2025/texmf-dist/tex/generic/pgf/systemlayer/pgfsys-common-pdf.def))
))
(c:/texlive/2025/texmf-dist/tex/generic/pgf/systemlayer/pgfsyssoftpath.code.tex
)
(c:/texlive/2025/texmf-dist/tex/generic/pgf/systemlayer/pgfsysprotocol.code.tex
)) (c:/texlive/2025/texmf-dist/tex/generic/pgf/basiclayer/pgfcore.code.tex
(c:/texlive/2025/texmf-dist/tex/generic/pgf/math/pgfmath.code.tex
(c:/texlive/2025/texmf-dist/tex/generic/pgf/math/pgfmathutil.code.tex)
(c:/texlive/2025/texmf-dist/tex/generic/pgf/math/pgfmathparser.code.tex)
(c:/texlive/2025/texmf-dist/tex/generic/pgf/math/pgfmathfunctions.code.tex)
(c:/texlive/2025/texmf-dist/tex/generic/pgf/math/pgfmathfunctions.basic.code.te
x)
(c:/texlive/2025/texmf-dist/tex/generic/pgf/math/pgfmathfunctions.trigonometric
.code.tex)
(c:/texlive/2025/texmf-dist/tex/generic/pgf/math/pgfmathfunctions.random.code.t
ex)
(c:/texlive/2025/texmf-dist/tex/generic/pgf/math/pgfmathfunctions.comparison.co
de.tex)
(c:/texlive/2025/texmf-dist/tex/generic/pgf/math/pgfmathfunctions.base.code.tex
)
(c:/texlive/2025/texmf-dist/tex/generic/pgf/math/pgfmathfunctions.round.code.te
x)
(c:/texlive/2025/texmf-dist/tex/generic/pgf/math/pgfmathfunctions.misc.code.tex
)
(c:/texlive/2025/texmf-dist/tex/generic/pgf/math/pgfmathfunctions.integerarithm
etics.code.tex)
(c:/texlive/2025/texmf-dist/tex/generic/pgf/math/pgfmathcalc.code.tex)
(c:/texlive/2025/texmf-dist/tex/generic/pgf/math/pgfmathfloat.code.tex))
(c:/texlive/2025/texmf-dist/tex/generic/pgf/math/pgfint.code.tex)
(c:/texlive/2025/texmf-dist/tex/generic/pgf/basiclayer/pgfcorepoints.code.tex)
(c:/texlive/2025/texmf-dist/tex/generic/pgf/basiclayer/pgfcorepathconstruct.cod
e.tex)
(c:/texlive/2025/texmf-dist/tex/generic/pgf/basiclayer/pgfcorepathusage.code.te
x)
(c:/texlive/2025/texmf-dist/tex/generic/pgf/basiclayer/pgfcorescopes.code.tex)
(c:/texlive/2025/texmf-dist/tex/generic/pgf/basiclayer/pgfcoregraphicstate.code
.tex)
(c:/texlive/2025/texmf-dist/tex/generic/pgf/basiclayer/pgfcoretransformations.c
ode.tex)
(c:/texlive/2025/texmf-dist/tex/generic/pgf/basiclayer/pgfcorequick.code.tex)
(c:/texlive/2025/texmf-dist/tex/generic/pgf/basiclayer/pgfcoreobjects.code.tex)

(c:/texlive/2025/texmf-dist/tex/generic/pgf/basiclayer/pgfcorepathprocessing.co
de.tex)
(c:/texlive/2025/texmf-dist/tex/generic/pgf/basiclayer/pgfcorearrows.code.tex)
(c:/texlive/2025/texmf-dist/tex/generic/pgf/basiclayer/pgfcoreshade.code.tex)
(c:/texlive/2025/texmf-dist/tex/generic/pgf/basiclayer/pgfcoreimage.code.tex)
(c:/texlive/2025/texmf-dist/tex/generic/pgf/basiclayer/pgfcoreexternal.code.tex
) (c:/texlive/2025/texmf-dist/tex/generic/pgf/basiclayer/pgfcorelayers.code.tex
)
(c:/texlive/2025/texmf-dist/tex/generic/pgf/basiclayer/pgfcoretransparency.code
.tex)
(c:/texlive/2025/texmf-dist/tex/generic/pgf/basiclayer/pgfcorepatterns.code.tex
) (c:/texlive/2025/texmf-dist/tex/generic/pgf/basiclayer/pgfcorerdf.code.tex)))
 (c:/texlive/2025/texmf-dist/tex/generic/pgf/modules/pgfmoduleshapes.code.tex)
(c:/texlive/2025/texmf-dist/tex/generic/pgf/modules/pgfmoduleplot.code.tex)
(c:/texlive/2025/texmf-dist/tex/latex/pgf/compatibility/pgfcomp-version-0-65.st
y)
(c:/texlive/2025/texmf-dist/tex/latex/pgf/compatibility/pgfcomp-version-1-18.st
y)) (c:/texlive/2025/texmf-dist/tex/latex/pgf/utilities/pgffor.sty
(c:/texlive/2025/texmf-dist/tex/latex/pgf/utilities/pgfkeys.sty
(c:/texlive/2025/texmf-dist/tex/generic/pgf/utilities/pgfkeys.code.tex))
(c:/texlive/2025/texmf-dist/tex/latex/pgf/math/pgfmath.sty
(c:/texlive/2025/texmf-dist/tex/generic/pgf/math/pgfmath.code.tex))
(c:/texlive/2025/texmf-dist/tex/generic/pgf/utilities/pgffor.code.tex))
(c:/texlive/2025/texmf-dist/tex/generic/pgf/frontendlayer/tikz/tikz.code.tex
(c:/texlive/2025/texmf-dist/tex/generic/pgf/libraries/pgflibraryplothandlers.co
de.tex)
(c:/texlive/2025/texmf-dist/tex/generic/pgf/modules/pgfmodulematrix.code.tex)
(c:/texlive/2025/texmf-dist/tex/generic/pgf/frontendlayer/tikz/libraries/tikzli
brarytopaths.code.tex)))
(c:/texlive/2025/texmf-dist/tex/latex/tools/verbatim.sty)
(c:/texlive/2025/texmf-dist/tex/latex/environ/environ.sty
(c:/texlive/2025/texmf-dist/tex/latex/trimspaces/trimspaces.sty))
(c:/texlive/2025/texmf-dist/tex/latex/tcolorbox/tcbraster.code.tex
Library (tcolorbox): 'tcbraster.code.tex' version '6.9.0'
) (c:/texlive/2025/texmf-dist/tex/latex/tcolorbox/tcbskins.code.tex
Library (tcolorbox): 'tcbskins.code.tex' version '6.9.0'
(c:/texlive/2025/texmf-dist/tex/latex/tikzfill/tikzfill.image.sty
(c:/texlive/2025/texmf-dist/tex/latex/tikzfill/tikzfill-common.sty)
(c:/texlive/2025/texmf-dist/tex/latex/tikzfill/tikzlibraryfill.image.code.tex))
 (c:/texlive/2025/texmf-dist/tex/latex/tcolorbox/tcbskinsjigsaw.code.tex
Library (tcolorbox): 'tcbskinsjigsaw.code.tex' version '6.9.0'
)) (c:/texlive/2025/texmf-dist/tex/latex/tcolorbox/tcbbreakable.code.tex
Library (tcolorbox): 'tcbbreakable.code.tex' version '6.9.0'
(c:/texlive/2025/texmf-dist/tex/latex/pdfcol/pdfcol.sty))
(c:/texlive/2025/texmf-dist/tex/latex/tcolorbox/tcbhooks.code.tex
Library (tcolorbox): 'tcbhooks.code.tex' version '6.9.0'
) (c:/texlive/2025/texmf-dist/tex/latex/tcolorbox/tcbtheorems.code.tex
Library (tcolorbox): 'tcbtheorems.code.tex' version '6.9.0'
) (c:/texlive/2025/texmf-dist/tex/latex/tcolorbox/tcbfitting.code.tex
Library (tcolorbox): 'tcbfitting.code.tex' version '6.9.0'
) (c:/texlive/2025/texmf-dist/tex/latex/tcolorbox/tcblistingsutf8.code.tex
Library (tcolorbox): 'tcblistingsutf8.code.tex' version '6.9.0'
(c:/texlive/2025/texmf-dist/tex/latex/tcolorbox/tcblistings.code.tex
Library (tcolorbox): 'tcblistings.code.tex' version '6.9.0'
(c:/texlive/2025/texmf-dist/tex/latex/listings/listings.sty
(c:/texlive/2025/texmf-dist/tex/latex/listings/lstpatch.sty)
(c:/texlive/2025/texmf-dist/tex/latex/listings/lstmisc.sty)
(c:/texlive/2025/texmf-dist/tex/latex/listings/listings.cfg))
(c:/texlive/2025/texmf-dist/tex/xelatex/xecjk/xeCJK-listings.sty)
==> First Aid for listings.sty no longer applied!
    Expected:
        2024/09/23 1.10c (Carsten Heinz)
    but found:
        2025/11/14 1.11b (Carsten Heinz)
    so I'm assuming it got fixed.
(c:/texlive/2025/texmf-dist/tex/latex/tcolorbox/tcblistingscore.code.tex
Library (tcolorbox): 'tcblistingscore.code.tex' version '6.9.0'
(c:/texlive/2025/texmf-dist/tex/latex/tcolorbox/tcbprocessing.code.tex
Library (tcolorbox): 'tcbprocessing.code.tex' version '6.9.0'
)))) (c:/texlive/2025/texmf-dist/tex/latex/tcolorbox/tcbexternal.code.tex
Library (tcolorbox): 'tcbexternal.code.tex' version '6.9.0'
) (c:/texlive/2025/texmf-dist/tex/latex/tcolorbox/tcbmagazine.code.tex
Library (tcolorbox): 'tcbmagazine.code.tex' version '6.9.0'
) (c:/texlive/2025/texmf-dist/tex/latex/tcolorbox/tcbvignette.code.tex
Library (tcolorbox): 'tcbvignette.code.tex' version '6.9.0'

(c:/texlive/2025/texmf-dist/tex/generic/pgf/frontendlayer/tikz/libraries/tikzli
braryfadings.code.tex
(c:/texlive/2025/texmf-dist/tex/generic/pgf/libraries/pgflibraryfadings.code.te
x))) (c:/texlive/2025/texmf-dist/tex/latex/tcolorbox/tcbposter.code.tex
Library (tcolorbox): 'tcbposter.code.tex' version '6.9.0'
)) (c:/texlive/2025/texmf-dist/tex/latex/hyperref/hyperref.sty
(c:/texlive/2025/texmf-dist/tex/generic/kvdefinekeys/kvdefinekeys.sty)
(c:/texlive/2025/texmf-dist/tex/generic/pdfescape/pdfescape.sty)
(c:/texlive/2025/texmf-dist/tex/latex/hycolor/hycolor.sty)
(c:/texlive/2025/texmf-dist/tex/latex/hyperref/nameref.sty
(c:/texlive/2025/texmf-dist/tex/latex/refcount/refcount.sty)
(c:/texlive/2025/texmf-dist/tex/generic/gettitlestring/gettitlestring.sty))
(c:/texlive/2025/texmf-dist/tex/generic/stringenc/stringenc.sty)
(c:/texlive/2025/texmf-dist/tex/latex/hyperref/pd1enc.def)
(c:/texlive/2025/texmf-dist/tex/generic/intcalc/intcalc.sty)
(c:/texlive/2025/texmf-dist/tex/latex/hyperref/puenc.def)
(c:/texlive/2025/texmf-dist/tex/latex/url/url.sty)
(c:/texlive/2025/texmf-dist/tex/generic/bitset/bitset.sty
(c:/texlive/2025/texmf-dist/tex/generic/bigintcalc/bigintcalc.sty)))
(c:/texlive/2025/texmf-dist/tex/latex/hyperref/hxetex.def
(c:/texlive/2025/texmf-dist/tex/latex/rerunfilecheck/rerunfilecheck.sty
(c:/texlive/2025/texmf-dist/tex/generic/uniquecounter/uniquecounter.sty)))
(c:/texlive/2025/texmf-dist/tex/latex/jetbrainsmono-otf/jetbrainsmono.fontspec)
(c:/texlive/2025/texmf-dist/tex/latex/jetbrainsmono-otf/jetbrainsmono.fontspec)
(c:/texlive/2025/texmf-dist/tex/latex/jetbrainsmono-otf/jetbrainsmono.fontspec)
) (./2d_rearrangement_tutorial_zh.aux)
*geometry* driver: auto-detecting
*geometry* detected driver: xetex

Package microtype Warning: Unable to apply patch `footnote' on input line 4.

(c:/texlive/2025/texmf-dist/tex/latex/microtype/mt-Palatino.cfg)
(./2d_rearrangement_tutorial_zh.out) (./2d_rearrangement_tutorial_zh.out)
[1] (./2d_rearrangement_tutorial_zh.toc [1] [2]) [3]
Chapter 1.
[1] [2]
Chapter 2.
[3] (c:/texlive/2025/texmf-dist/tex/latex/amsfonts/umsa.fd)
(c:/texlive/2025/texmf-dist/tex/latex/microtype/mt-msa.cfg)
(c:/texlive/2025/texmf-dist/tex/latex/amsfonts/umsb.fd)
(c:/texlive/2025/texmf-dist/tex/latex/microtype/mt-msb.cfg)
(c:/texlive/2025/texmf-dist/tex/latex/microtype/mt-cmr.cfg)
Overfull \hbox (22.08209pt too wide) in paragraph at lines 96--97
[][]\TU/JetBrainsMono(0)/m/n/10.95 calculate_average_image[] \TU/MicrosoftYaHei
(0)/m/n/10.95 的 作 用 是 把 多 张 \TU/TeXGyrePagella(0)/m/n/10.95 loading \TU/Microso
ftYaHei(0)/m/n/10.95 图 叠 加 平 均，|  得 到 更 稳 定 的 \TU/TeXGyrePagella(0)/m/n/10.95 a
tom/fluorescence
[4]
Overfull \hbox (3.94368pt too wide) in paragraph at lines 117--118
[]\TU/MicrosoftYaHei(0)/m/n/10.95 然 后 用 \TU/TeXGyrePagella(0)/m/n/10.95 Basler 
\TU/MicrosoftYaHei(0)/m/n/10.95 长 曝 光 拍 静 态 阱，| \TU/TeXGyrePagella(0)/m/n/10.95
 crop\TU/MicrosoftYaHei(0)/m/n/10.95 、| \TU/TeXGyrePagella(0)/m/n/10.95 transpo
se\TU/MicrosoftYaHei(0)/m/n/10.95 ，|  再 调 用 []\TU/JetBrainsMono(0)/m/n/10.95 fi
nd_centers[] \TU/MicrosoftYaHei(0)/m/n/10.95 得 到 []\TU/JetBrainsMono(0)/m/n/10.
95 trap_centerlist[]\TU/MicrosoftYaHei(0)/m/n/10.95 。|
[5] [6] [7] [8]
Overfull \hbox (33.1187pt too wide) in paragraph at lines 254--255
[]\TU/MicrosoftYaHei(0)/m/n/10.95 这 个 设 计 方 向 是 对 的，|  但 原 实 现 仍 然 受 同 一 个 \TU/
TeXGyrePagella(0)/m/n/10.95 trigger \TU/MicrosoftYaHei(0)/m/n/10.95 同 步 问 题 限 制
。|  对 照 组 的 []\TU/JetBrainsMono(0)/m/n/10.95 time.sleep(ra_duration)[]
[9] [10]
Chapter 3.

Overfull \hbox (82.90578pt too wide) in paragraph at lines 279--280
[]\TU/MicrosoftYaHei(0)/m/n/10.95 设 置 []\TU/JetBrainsMono(0)/m/n/10.95 EXPOSURE
TIME[]\TU/MicrosoftYaHei(0)/m/n/10.95 、| []\TU/JetBrainsMono(0)/m/n/10.95 TRIGG
ERSOURCE=EXTERNAL[]\TU/MicrosoftYaHei(0)/m/n/10.95 、| []\TU/JetBrainsMono(0)/m/
n/10.95 TRIGGERACTIVE=EDGE[]\TU/MicrosoftYaHei(0)/m/n/10.95 、| []\TU/JetBrainsM
ono(0)/m/n/10.95 TRIGGERPOLARITY=POSITIVE[]
[11] [12] [13]
Chapter 4.
[14] [15]
Underfull \hbox (badness 10000) in paragraph at lines 393--394
[]\TU/MicrosoftYaHei(0)/m/n/10.95 设 置 \TU/TeXGyrePagella(0)/m/n/10.95 run \TU/M
icrosoftYaHei(0)/m/n/10.95 参 数：| []\TU/JetBrainsMono(0)/m/n/10.95 mot_lasting[]
\TU/MicrosoftYaHei(0)/m/n/10.95 、| []\TU/JetBrainsMono(0)/m/n/10.95 PGC_waiting
[]\TU/MicrosoftYaHei(0)/m/n/10.95 、| []\TU/JetBrainsMono(0)/m/n/10.95 PGC_lasti
ng[]\TU/MicrosoftYaHei(0)/m/n/10.95 、| []\TU/JetBrainsMono(0)/m/n/10.95 probe_w
aiting[]\TU/MicrosoftYaHei(0)/m/n/10.95 、|
[16]
Chapter 5.
[17]
Underfull \hbox (badness 3590) in paragraph at lines 458--459
[]\TU/MicrosoftYaHei(0)/m/n/10.95 把 一 次 实 验 拆 成 明 确 \TU/TeXGyrePagella(0)/m/n/1
0.95 shot stages\TU/MicrosoftYaHei(0)/m/n/10.95 ：| []\TU/JetBrainsMono(0)/m/n/1
0.95 load_and_before_image[]\TU/MicrosoftYaHei(0)/m/n/10.95 、| []\TU/JetBrainsM
ono(0)/m/n/10.95 aod_rearrange[]\TU/MicrosoftYaHei(0)/m/n/10.95 、|
[18]
Overfull \hbox (74.98409pt too wide) in paragraph at lines 479--480
[]\TU/MicrosoftYaHei(0)/m/n/10.95 修 复：|  所 有 \TU/TeXGyrePagella(0)/m/n/10.95 de
lay \TU/MicrosoftYaHei(0)/m/n/10.95 参 数 在 \TU/TeXGyrePagella(0)/m/n/10.95 Pytho
n/VIO \TU/MicrosoftYaHei(0)/m/n/10.95 设 置 前 做 \TU/TeXGyrePagella(0)/m/n/10.95 p
reflight\TU/MicrosoftYaHei(0)/m/n/10.95 ：| []\TU/JetBrainsMono(0)/m/n/10.95 pro
be_waiting >= probe_shutter_open_delay[]\TU/MicrosoftYaHei(0)/m/n/10.95 ，|
[19]
Underfull \hbox (badness 1297) in paragraph at lines 520--521
\TU/MicrosoftYaHei(0)/m/n/10.95 这 个 \TU/TeXGyrePagella(0)/m/n/10.95 notebook \T
U/MicrosoftYaHei(0)/m/n/10.95 中 多 次 重 定 义 []\TU/JetBrainsMono(0)/m/n/10.95 move
_caculate[]\TU/MicrosoftYaHei(0)/m/n/10.95 、| []\TU/JetBrainsMono(0)/m/n/10.95 
move_atom[] \TU/MicrosoftYaHei(0)/m/n/10.95 和 \TU/TeXGyrePagella(0)/m/n/10.95 p
lanner\TU/MicrosoftYaHei(0)/m/n/10.95 ；|  有 些 \TU/TeXGyrePagella(0)/m/n/10.95 c
ell \TU/MicrosoftYaHei(0)/m/n/10.95 依 赖
[20]
Chapter 6.

Overfull \hbox (13.19493pt too wide) in paragraph at lines 555--556
[]\TU/MicrosoftYaHei(0)/m/n/10.95 变 成 []\TU/JetBrainsMono(0)/m/n/10.95 ImageSta
ckExperiment[]\TU/MicrosoftYaHei(0)/m/n/10.95 、| []\TU/JetBrainsMono(0)/m/n/10.
95 find_trap_centers[]\TU/MicrosoftYaHei(0)/m/n/10.95 、| []\TU/JetBrainsMono(0)
/m/n/10.95 estimate_site_thresholds[]\TU/MicrosoftYaHei(0)/m/n/10.95 。| 
[21] [22]
Chapter 7.

Overfull \hbox (101.69334pt too wide) in paragraph at lines 587--588
[]
[23]
Underfull \hbox (badness 10000) in paragraph at lines 596--597
[]

Underfull \hbox (badness 1742) in paragraph at lines 597--598
[]\TU/MicrosoftYaHei(0)/m/n/10.95 单 轴 频 率 移 动 \TU/TeXGyrePagella(0)/m/n/10.95 p
rofile\TU/MicrosoftYaHei(0)/m/n/10.95 ，|  已 经 把

Underfull \hbox (badness 10000) in paragraph at lines 604--605
[]

Overfull \hbox (13.06479pt too wide) in paragraph at lines 605--606
[]\TU/MicrosoftYaHei(0)/m/n/10.95 先 \TU/TeXGyrePagella(0)/m/n/10.95 Hungarian m
atching\TU/MicrosoftYaHei(0)/m/n/10.95 ，|  再 \TU/TeXGyrePagella(0)/m/n/10.95 oc
cupancy-

Underfull \hbox (badness 10000) in paragraph at lines 606--607
[]
[24]
Chapter 8.
[25] [26] [27]
Chapter 9.
[28] [29]
Chapter 10.
[30] [31]
Chapter 11.
[32] (./2d_rearrangement_tutorial_zh.aux) )
(see the transcript file for additional information)
Output written on 2d_rearrangement_tutorial_zh.pdf (36 pages).
Transcript written on 2d_rearrangement_tutorial_zh.log.
