\BOOKMARK [0][-]{chapter.1}{\376\377\226\005\213\373\145\271\137\017}{}% 1
\BOOKMARK [1][-]{section.1.1}{\376\377\217\331\116\375\145\131\172\013\213\262\116\300\116\110}{chapter.1}% 2
\BOOKMARK [1][-]{section.1.2}{\376\377\217\331\116\052\000\040\000n\000o\000t\000e\000b\000o\000o\000k\000\040\166\204\150\070\137\303\133\236\232\214\124\010\124\014}{chapter.1}% 3
\BOOKMARK [0][-]{chapter.2}{\376\377\000C\000e\000l\000l\000-\000b\000y\000-\000c\000e\000l\000l\000\040\145\131\172\013}{}% 4
\BOOKMARK [1][-]{section.2.1}{\376\377\000C\000e\000l\000l\000\040\0000\000:\000\040\121\375\145\160\133\232\116\111\140\073\121\145\123\343}{chapter.2}% 5
\BOOKMARK [1][-]{section.2.2}{\376\377\000C\000e\000l\000l\000\040\0001\000:\000\040\217\336\143\245\000\040\000P\000X\000I\000E\000\040\124\214\000\040\000q\000C\000M\000O\000S}{chapter.2}% 6
\BOOKMARK [1][-]{section.2.3}{\376\377\000C\000e\000l\000l\000\040\0002\000:\000\040\142\315\000\040\0001\0000\0000\000\040\137\040\000\040\000l\000o\000a\000d\000i\000n\000g\000\040\126\376\136\166\117\335\133\130}{chapter.2}% 7
\BOOKMARK [1][-]{section.2.4}{\376\377\000C\000e\000l\000l\000\040\0003\000:\000\040\154\102\136\163\127\107\126\376\060\001\142\176\000\040\000a\000t\000o\000m\000\040\000c\000e\000n\000t\000e\000r\060\001\142\337\124\010\226\010\120\074}{chapter.2}% 8
\BOOKMARK [1][-]{section.2.5}{\376\377\000C\000e\000l\000l\000\040\0004\000:\000\040\000B\000a\000s\000l\000e\000r\000\040\166\370\147\072\122\035\131\313\123\026}{chapter.2}% 9
\BOOKMARK [1][-]{section.2.6}{\376\377\000C\000e\000l\000l\000\040\0005\000:\000\040\142\315\000\040\000S\000L\000M\000/\000s\000t\000a\000t\000i\000c\000\040\000t\000r\000a\000p\000\040\000c\000e\000n\000t\000e\000r}{chapter.2}% 10
\BOOKMARK [1][-]{section.2.7}{\376\377\000C\000e\000l\000l\000\040\0006\000:\000\040\123\125\116\052\000\040\000A\000O\000D\000\040\000s\000p\000o\000t\000\040\150\300\147\345}{chapter.2}% 11
\BOOKMARK [1][-]{section.2.8}{\376\377\000C\000e\000l\000l\000\040\0007\000:\000\040\201\352\122\250\150\041\121\306\000\040\000A\000O\000D\000\040\230\221\163\207\146\040\134\004}{chapter.2}% 12
\BOOKMARK [1][-]{section.2.9}{\376\377\000C\000e\000l\000l\000\040\0008\000:\000\040\000A\000O\000D\000\040\230\221\163\207\177\121\150\074\142\337\124\010}{chapter.2}% 13
\BOOKMARK [1][-]{section.2.10}{\376\377\000C\000e\000l\000l\000\040\0009\000:\000\040\133\371\153\324\230\221\163\207\210\150}{chapter.2}% 14
\BOOKMARK [1][-]{section.2.11}{\376\377\000C\000e\000l\000l\000s\000\040\0001\0000\000-\0001\0002\000:\000\040\000P\000X\000I\000E\000\040\000m\000o\000v\000e\000\040\155\113\213\325}{chapter.2}% 15
\BOOKMARK [1][-]{section.2.12}{\376\377\000C\000e\000l\000l\000\040\0001\0003\000:\000\040\000p\000l\000a\000n\000n\000e\000r\000\040\173\227\154\325\155\113\213\325}{chapter.2}% 16
\BOOKMARK [1][-]{section.2.13}{\376\377\000C\000e\000l\000l\000\040\0001\0004\000:\000\040\000e\000t\000a\000\040\124\214\123\125\153\145\215\357\137\204\155\113\213\325}{chapter.2}% 17
\BOOKMARK [1][-]{section.2.14}{\376\377\000C\000e\000l\000l\000s\000\040\0001\0005\000-\0001\0007\000:\000\040\000m\000o\000v\000e\000\040\000o\000f\000f\000\040\124\214\126\372\133\232\145\271\124\021\155\113\213\325}{chapter.2}% 18
\BOOKMARK [1][-]{section.2.15}{\376\377\000C\000e\000l\000l\000\040\0001\0008\000:\000\040\153\143\137\017\221\315\143\222\172\013\136\217}{chapter.2}% 19
\BOOKMARK [1][-]{section.2.16}{\376\377\000C\000e\000l\000l\000\040\0001\0009\000:\000\040\221\315\143\222\122\240\133\377\124\175\133\371\161\147}{chapter.2}% 20
\BOOKMARK [1][-]{section.2.17}{\376\377\000C\000e\000l\000l\000s\000\040\0002\0000\000-\0002\0001\000:\000\040\123\302\145\160\142\153\143\317}{chapter.2}% 21
\BOOKMARK [1][-]{section.2.18}{\376\377\000C\000e\000l\000l\000s\000\040\0002\0002\000-\0002\0009\000:\000\040\116\064\145\366\214\003\213\325\123\072}{chapter.2}% 22
\BOOKMARK [1][-]{section.2.19}{\376\377\000C\000e\000l\000l\000s\000\040\0003\0000\000-\0003\0003\000:\000\040\121\163\225\355\116\016\142\113\122\250\000\040\000R\000F\000\040\143\247\122\066}{chapter.2}% 23
\BOOKMARK [0][-]{chapter.3}{\376\377\121\375\145\160\123\237\164\006\213\346\211\343}{}% 24
\BOOKMARK [1][-]{section.3.1}{\376\377\000q\000C\000M\000O\000S\000\040\122\035\131\313\123\026\124\214\131\026\211\346\123\321}{chapter.3}% 25
\BOOKMARK [1][-]{section.3.2}{\376\377\000c\000e\000n\000t\000e\000r\000\040\000d\000e\000t\000e\000c\000t\000i\000o\000n}{chapter.3}% 26
\BOOKMARK [1][-]{section.3.3}{\376\377\000t\000h\000r\000e\000s\000h\000o\000l\000d\000\040\000f\000i\000t\000t\000i\000n\000g}{chapter.3}% 27
\BOOKMARK [1][-]{section.3.4}{\376\377\000P\000X\000I\000E\000\040\000m\000o\000v\000e\000\040\000p\000r\000o\000f\000i\000l\000e}{chapter.3}% 28
\BOOKMARK [1][-]{section.3.5}{\376\377\000m\000o\000v\000e\000\040\000o\000f\000f}{chapter.3}% 29
\BOOKMARK [1][-]{section.3.6}{\376\377\000p\000l\000a\000n\000n\000e\000r}{chapter.3}% 30
\BOOKMARK [0][-]{chapter.4}{\376\377\000V\000e\000r\000i\000l\000o\000g\000\040\133\371\136\224\121\163\174\373}{}% 31
\BOOKMARK [1][-]{section.4.1}{\376\377\000P\000y\000t\000h\000o\000n\000\040\000n\000o\000t\000e\000b\000o\000o\000k\000\040\124\214\000\040\000F\000P\000G\000A\000\040\166\204\121\163\174\373}{chapter.4}% 32
\BOOKMARK [1][-]{section.4.2}{\376\377\000m\000a\000i\000n\000.\000v\000\040\120\132\116\300\116\110}{chapter.4}% 33
\BOOKMARK [1][-]{section.4.3}{\376\377\000t\000i\000m\000e\000-\000s\000e\000q\000u\000e\000n\000c\000e\000.\000v\000\040\166\204\217\320\210\114\145\271\137\017}{chapter.4}% 34
\BOOKMARK [1][-]{section.4.4}{\376\377\124\214\000\040\000q\000C\000M\000O\000S\000\040\166\370\121\163\166\204\000\040\000V\000e\000r\000i\000l\000o\000g\000\040\217\223\121\372}{chapter.4}% 35
\BOOKMARK [1][-]{section.4.5}{\376\377\136\224\213\345\140\016\150\067\144\315\117\134\123\237\162\110\000\040\000V\000e\000r\000i\000l\000o\000g}{chapter.4}% 36
\BOOKMARK [0][-]{chapter.5}{\376\377\157\134\127\050\145\366\136\217\225\356\230\230\060\001\124\016\147\234\124\214\117\356\131\015}{}% 37
\BOOKMARK [1][-]{section.5.1}{\376\377\225\356\230\230\000\040\0001\000:\000\040\000r\000u\000n\000\040\152\041\137\017\116\013\000\040\000q\000C\000M\000O\000S\000\040\000t\000r\000i\000g\000g\000e\000r\000\040\116\015\146\016\170\156}{chapter.5}% 38
\BOOKMARK [1][-]{section.5.2}{\376\377\225\356\230\230\000\040\0002\000:\000\040\000c\000a\000m\000e\000r\000a\000\040\000w\000a\000i\000t\000i\000n\000g\000\040\124\214\000\040\000p\000r\000o\000b\000e\000\040\000w\000a\000i\000t\000i\000n\000g\000\040\155\367\165\050}{chapter.5}% 39
\BOOKMARK [1][-]{section.5.3}{\376\377\225\356\230\230\000\040\0003\000:\000\040\000P\000y\000t\000h\000o\000n\000\040\173\111\166\370\147\072\116\016\000\040\000F\000P\000G\000A\000\040\201\352\165\061\137\252\163\257\154\241\147\011\000\040\000h\000a\000n\000d\000s\000h\000a\000k\000e}{chapter.5}% 40
\BOOKMARK [1][-]{section.5.4}{\376\377\225\356\230\230\000\040\0004\000:\000\040\227\136\226\073\130\136\215\113\120\074\133\374\201\364\116\064\145\366\123\330\221\317\156\336\124\016\116\000\142\315}{chapter.5}% 41
\BOOKMARK [1][-]{section.5.5}{\376\377\225\356\230\230\000\040\0005\000:\000\040\000u\000n\000s\000i\000g\000n\000e\000d\000\040\000u\000n\000d\000e\000r\000f\000l\000o\000w}{chapter.5}% 42
\BOOKMARK [1][-]{section.5.6}{\376\377\225\356\230\230\000\040\0006\000:\000\040\217\223\121\372\154\241\147\011\176\337\116\000\236\330\213\244\120\074}{chapter.5}% 43
\BOOKMARK [1][-]{section.5.7}{\376\377\225\356\230\230\000\040\0007\000:\000\040\000P\000X\000I\000E\000\040\116\044\217\164\123\357\200\375\116\015\124\014\153\145}{chapter.5}% 44
\BOOKMARK [1][-]{section.5.8}{\376\377\225\356\230\230\000\040\0008\000:\000\040\165\050\000\040\000P\000y\000t\000h\000o\000n\000\040\000s\000l\000e\000e\000p\000\040\137\123\170\154\116\366\133\214\142\020\117\341\123\367}{chapter.5}% 45
\BOOKMARK [1][-]{section.5.9}{\376\377\225\356\230\230\000\040\0009\000:\000\040\153\143\137\017\155\101\172\013\154\241\147\011\150\300\147\345\000\040\000N\000o\000n\000e\000\040\126\376\120\317}{chapter.5}% 46
\BOOKMARK [1][-]{section.5.10}{\376\377\225\356\230\230\000\040\0001\0000\000:\000\040\000n\000o\000t\000e\000b\000o\000o\000k\000\040\162\266\140\001\116\015\123\357\131\015\163\260}{chapter.5}% 47
\BOOKMARK [0][-]{chapter.6}{\376\377\136\372\213\256\166\204\117\356\131\015\147\266\147\204}{}% 48
\BOOKMARK [1][-]{section.6.1}{\376\377\167\355\147\037\116\015\221\315\147\204\170\154\116\366\145\366\136\217\166\204\133\211\121\150\155\101\172\013}{chapter.6}% 49
\BOOKMARK [1][-]{section.6.2}{\376\377\143\250\203\120\166\204\116\055\147\037\117\356\154\325}{chapter.6}% 50
\BOOKMARK [1][-]{section.6.3}{\376\377\123\237\000\040\000n\000o\000t\000e\000b\000o\000o\000k\000\040\122\060\136\162\121\300\143\245\123\343\166\204\146\040\134\004}{chapter.6}% 51
\BOOKMARK [1][-]{section.6.4}{\376\377\214\003\213\325\150\300\147\345\156\005\123\125}{chapter.6}% 52
\BOOKMARK [0][-]{chapter.7}{\376\377\000A\000p\000p\000e\000n\000d\000i\000x\000:\000\040\220\020\121\375\145\160\220\037\147\345}{}% 53
\BOOKMARK [1][-]{section.7.1}{\376\377\166\370\147\072\166\370\121\163\121\375\145\160}{chapter.7}% 54
\BOOKMARK [1][-]{section.7.2}{\376\377\126\376\120\317\122\006\147\220\121\375\145\160}{chapter.7}% 55
\BOOKMARK [1][-]{section.7.3}{\376\377\000P\000X\000I\000E\000\040\124\214\000\040\000A\000O\000D\000\040\121\375\145\160}{chapter.7}% 56
\BOOKMARK [1][-]{section.7.4}{\376\377\000p\000l\000a\000n\000n\000e\000r\000\040\121\375\145\160}{chapter.7}% 57
\BOOKMARK [0][-]{chapter.8}{\376\377\000A\000p\000p\000e\000n\000d\000i\000x\000:\000\040\000V\000e\000r\000i\000l\000o\000g\000\040\220\020\116\213\116\366\213\373\154\325}{}% 58
\BOOKMARK [1][-]{section.8.1}{\376\377\000c\000y\000c\000l\000e\000\040\145\366\225\364\142\306\211\343}{chapter.8}% 59
\BOOKMARK [1][-]{section.8.2}{\376\377\143\250\203\120\121\231\142\020\146\076\137\017\116\213\116\366}{chapter.8}% 60
\BOOKMARK [1][-]{section.8.3}{\376\377\000q\000C\000M\000O\000S\000\040\000t\000r\000i\000g\000g\000e\000r\000\040\166\204\147\000\134\017\000\040\000V\000e\000r\000i\000l\000o\000g\000\040\210\145\116\001}{chapter.8}% 61
\BOOKMARK [1][-]{section.8.4}{\376\377\000P\000y\000t\000h\000o\000n\000\040\117\247\227\000\211\201\221\115\124\010\166\204\000\040\000h\000a\000n\000d\000s\000h\000a\000k\000e}{chapter.8}% 62
\BOOKMARK [0][-]{chapter.9}{\376\377\000A\000p\000p\000e\000n\000d\000i\000x\000:\000\040\133\236\226\105\116\012\147\072\145\131\172\013}{}% 63
\BOOKMARK [1][-]{section.9.1}{\376\377\173\054\116\000\153\041\137\000\147\072}{chapter.9}% 64
\BOOKMARK [1][-]{section.9.2}{\376\377\215\321\000\040\000c\000a\000l\000i\000b\000r\000a\000t\000i\000o\000n}{chapter.9}% 65
\BOOKMARK [1][-]{section.9.3}{\376\377\215\321\123\125\153\145\000\040\000m\000o\000v\000e}{chapter.9}% 66
\BOOKMARK [1][-]{section.9.4}{\376\377\215\321\153\143\137\017\000\040\000r\000e\000a\000r\000r\000a\000n\000g\000e\000m\000e\000n\000t}{chapter.9}% 67
\BOOKMARK [1][-]{section.9.5}{\376\377\176\323\147\234\137\002\136\070\145\366\121\110\167\013\124\352\221\314}{chapter.9}% 68
\BOOKMARK [0][-]{chapter.10}{\376\377\000A\000p\000p\000e\000n\000d\000i\000x\000:\000\040\123\237\131\313\176\323\147\234\126\376}{}% 69
\BOOKMARK [1][-]{section.10.1}{\376\377\123\237\131\313\000\040\000n\000o\000t\000e\000b\000o\000o\000k\000\040\217\223\121\372\126\376}{chapter.10}% 70
\BOOKMARK [0][-]{chapter.11}{\376\377\176\323\213\272}{}% 71
